20/05/02 22:56:22 INFO ClientConfigurationFactory: Set initial getObject socket timeout to 2000 ms.
20/05/02 22:56:26 INFO S3NativeFileSystem: Opening 's3n://wine-quality-dataset/TrainingDataset.csv' for reading
20/05/02 22:56:26 INFO GPLNativeCodeLoader: Loaded native gpl library
20/05/02 22:56:26 INFO LzoCodec: Successfully loaded & initialized native-lzo library [hadoop-lzo rev 5f788d5e8f90539ee331702c753fa250727128f4]
20/05/02 22:56:26 INFO S3NativeFileSystem: Opening 's3n://wine-quality-dataset/TrainingDataset.csv' for reading
20/05/02 22:56:31 INFO S3NativeFileSystem: Opening 's3n://wine-quality-dataset/TrainingDataset.csv' for reading
20/05/02 22:56:33 INFO JniLoader: successfully loaded /tmp/jniloader918560804254489421netlib-native_system-linux-x86_64.so
20/05/02 22:56:33 INFO StrongWolfeLineSearch: Line search t: 0.05093014742967944 fval: 8.557110448117633 rhs: 1.1934483636865345 cdd: 160.23187859961303
20/05/02 22:56:33 INFO StrongWolfeLineSearch: Line search t: 0.005093014742967944 fval: 1.6445889184389497 rhs: 1.1934660349489483 cdd: 125.93286298831691
20/05/02 22:56:33 INFO StrongWolfeLineSearch: Line search t: 5.093014742967944E-4 fval: 1.2004695244184949 rhs: 1.1934678020751897 cdd: 29.961887166187775
20/05/02 22:56:33 INFO StrongWolfeLineSearch: Line search t: 5.2284639757875246E-5 fval: 1.1933677811996395 rhs: 1.1934679782656261 cdd: 0.00630828520594387
20/05/02 22:56:33 INFO LBFGS: Step Size: 5.228e-05
20/05/02 22:56:33 INFO LBFGS: Val and Grad Norm: 1.19337 (rel: 8.40e-05) 2.18526
20/05/02 22:56:33 INFO LBFGS: Step Size: 1.000
20/05/02 22:56:33 INFO LBFGS: Val and Grad Norm: 1.19328 (rel: 7.57e-05) 1.80522
20/05/02 22:56:33 INFO LBFGS: Step Size: 1.000
20/05/02 22:56:33 INFO LBFGS: Val and Grad Norm: 1.19315 (rel: 0.000106) 2.68441
20/05/02 22:56:33 INFO LBFGS: Step Size: 1.000
20/05/02 22:56:33 INFO LBFGS: Val and Grad Norm: 1.19306 (rel: 7.96e-05) 2.08719
20/05/02 22:56:33 INFO LBFGS: Step Size: 1.000
20/05/02 22:56:33 INFO LBFGS: Val and Grad Norm: 1.19295 (rel: 8.56e-05) 2.75874
20/05/02 22:56:34 INFO LBFGS: Step Size: 1.000
20/05/02 22:56:34 INFO LBFGS: Val and Grad Norm: 1.19277 (rel: 0.000157) 2.84274
20/05/02 22:56:34 INFO LBFGS: Step Size: 1.000
20/05/02 22:56:34 INFO LBFGS: Val and Grad Norm: 1.19253 (rel: 0.000194) 2.57137
20/05/02 22:56:34 INFO LBFGS: Step Size: 1.000
20/05/02 22:56:34 INFO LBFGS: Val and Grad Norm: 1.19157 (rel: 0.000805) 2.08064
20/05/02 22:56:34 INFO LBFGS: Step Size: 1.000
20/05/02 22:56:34 INFO LBFGS: Val and Grad Norm: 1.19060 (rel: 0.000816) 1.59180
20/05/02 22:56:34 INFO LBFGS: Step Size: 1.000
20/05/02 22:56:34 INFO LBFGS: Val and Grad Norm: 1.18891 (rel: 0.00142) 1.32283
20/05/02 22:56:34 INFO LBFGS: Step Size: 1.000
20/05/02 22:56:34 INFO LBFGS: Val and Grad Norm: 1.18681 (rel: 0.00177) 3.75731
20/05/02 22:56:34 INFO LBFGS: Step Size: 1.000
20/05/02 22:56:34 INFO LBFGS: Val and Grad Norm: 1.18059 (rel: 0.00524) 11.3922
20/05/02 22:56:34 INFO LBFGS: Step Size: 1.000
20/05/02 22:56:34 INFO LBFGS: Val and Grad Norm: 1.16729 (rel: 0.0113) 24.6358
20/05/02 22:56:34 INFO LBFGS: Step Size: 1.000
20/05/02 22:56:34 INFO LBFGS: Val and Grad Norm: 1.14332 (rel: 0.0205) 31.0662
20/05/02 22:56:34 INFO StrongWolfeLineSearch: Line search t: 0.3278374686468597 fval: 1.1318235788573336 rhs: 1.143320079222014 cdd: -4.0709520501902574E-4
20/05/02 22:56:34 INFO LBFGS: Step Size: 0.3278
20/05/02 22:56:34 INFO LBFGS: Val and Grad Norm: 1.13182 (rel: 0.0101) 44.8816
20/05/02 22:56:34 INFO LBFGS: Step Size: 1.000
20/05/02 22:56:34 INFO LBFGS: Val and Grad Norm: 1.09603 (rel: 0.0316) 34.3015
20/05/02 22:56:34 INFO LBFGS: Step Size: 1.000
20/05/02 22:56:34 INFO LBFGS: Val and Grad Norm: 1.06931 (rel: 0.0244) 19.4517
20/05/02 22:56:34 INFO LBFGS: Step Size: 1.000
20/05/02 22:56:34 INFO LBFGS: Val and Grad Norm: 1.03967 (rel: 0.0277) 19.0342
20/05/02 22:56:34 INFO LBFGS: Step Size: 1.000
20/05/02 22:56:34 INFO LBFGS: Val and Grad Norm: 1.03349 (rel: 0.00594) 13.5129
20/05/02 22:56:34 INFO LBFGS: Step Size: 1.000
20/05/02 22:56:34 INFO LBFGS: Val and Grad Norm: 1.02944 (rel: 0.00391) 4.28625
20/05/02 22:56:34 INFO LBFGS: Step Size: 1.000
20/05/02 22:56:34 INFO LBFGS: Val and Grad Norm: 1.02888 (rel: 0.000543) 1.36368
20/05/02 22:56:34 INFO LBFGS: Step Size: 1.000
20/05/02 22:56:34 INFO LBFGS: Val and Grad Norm: 1.02882 (rel: 5.78e-05) 0.300888
20/05/02 22:56:34 INFO LBFGS: Step Size: 1.000
20/05/02 22:56:34 INFO LBFGS: Val and Grad Norm: 1.02882 (rel: 3.42e-06) 0.185798
20/05/02 22:56:34 INFO LBFGS: Step Size: 1.000
20/05/02 22:56:34 INFO LBFGS: Val and Grad Norm: 1.02882 (rel: 3.82e-06) 0.221047
20/05/02 22:56:34 INFO LBFGS: Step Size: 1.000
20/05/02 22:56:34 INFO LBFGS: Val and Grad Norm: 1.02881 (rel: 7.84e-06) 0.279960
20/05/02 22:56:34 INFO LBFGS: Step Size: 1.000
20/05/02 22:56:34 INFO LBFGS: Val and Grad Norm: 1.02876 (rel: 4.36e-05) 0.607073
20/05/02 22:56:35 INFO LBFGS: Step Size: 1.000
20/05/02 22:56:35 INFO LBFGS: Val and Grad Norm: 1.02869 (rel: 7.14e-05) 1.77689
20/05/02 22:56:35 INFO LBFGS: Step Size: 1.000
20/05/02 22:56:35 INFO LBFGS: Val and Grad Norm: 1.02852 (rel: 0.000164) 1.64261
20/05/02 22:56:35 INFO LBFGS: Step Size: 1.000
20/05/02 22:56:35 INFO LBFGS: Val and Grad Norm: 1.02787 (rel: 0.000633) 3.43335
20/05/02 22:56:35 INFO LBFGS: Step Size: 1.000
20/05/02 22:56:35 INFO LBFGS: Val and Grad Norm: 1.02596 (rel: 0.00186) 7.51518
20/05/02 22:56:35 INFO LBFGS: Step Size: 1.000
20/05/02 22:56:35 INFO LBFGS: Val and Grad Norm: 1.02291 (rel: 0.00297) 13.9046
20/05/02 22:56:35 INFO LBFGS: Step Size: 1.000
20/05/02 22:56:35 INFO LBFGS: Val and Grad Norm: 1.01753 (rel: 0.00527) 13.6012
20/05/02 22:56:35 INFO LBFGS: Step Size: 1.000
20/05/02 22:56:35 INFO LBFGS: Val and Grad Norm: 0.997976 (rel: 0.0192) 12.7405
20/05/02 22:56:35 INFO StrongWolfeLineSearch: Line search t: 0.14431817793650703 fval: 0.994401878994978 rhs: 0.9979751564771958 cdd: 0.004759415654230752
20/05/02 22:56:35 INFO LBFGS: Step Size: 0.1443
20/05/02 22:56:35 INFO LBFGS: Val and Grad Norm: 0.994402 (rel: 0.00358) 21.1059
20/05/02 22:56:35 INFO LBFGS: Step Size: 1.000
20/05/02 22:56:35 INFO LBFGS: Val and Grad Norm: 0.984117 (rel: 0.0103) 9.56577
20/05/02 22:56:35 INFO LBFGS: Step Size: 1.000
20/05/02 22:56:35 INFO LBFGS: Val and Grad Norm: 0.980479 (rel: 0.00370) 5.52690
20/05/02 22:56:35 INFO LBFGS: Step Size: 1.000
20/05/02 22:56:35 INFO LBFGS: Val and Grad Norm: 0.978696 (rel: 0.00182) 1.51633
20/05/02 22:56:35 INFO LBFGS: Step Size: 1.000
20/05/02 22:56:35 INFO LBFGS: Val and Grad Norm: 0.978425 (rel: 0.000277) 0.895455
20/05/02 22:56:35 INFO StrongWolfeLineSearch: Line search t: 0.430361934696866 fval: 0.9783538509342576 rhs: 0.9784249657331584 cdd: 2.0868931875498483E-8
20/05/02 22:56:35 INFO LBFGS: Step Size: 0.4304
20/05/02 22:56:35 INFO LBFGS: Val and Grad Norm: 0.978354 (rel: 7.27e-05) 1.09473
20/05/02 22:56:35 INFO LBFGS: Step Size: 1.000
20/05/02 22:56:35 INFO LBFGS: Val and Grad Norm: 0.978292 (rel: 6.29e-05) 0.786369
20/05/02 22:56:35 INFO LBFGS: Step Size: 1.000
20/05/02 22:56:35 INFO LBFGS: Val and Grad Norm: 0.978100 (rel: 0.000196) 0.567427
20/05/02 22:56:35 INFO StrongWolfeLineSearch: Line search t: 0.306851896871568 fval: 0.9780699854467803 rhs: 0.978100090614743 cdd: 3.345063899051065E-9
20/05/02 22:56:35 INFO LBFGS: Step Size: 0.3069
20/05/02 22:56:35 INFO LBFGS: Val and Grad Norm: 0.978070 (rel: 3.08e-05) 1.77661
20/05/02 22:56:35 INFO LBFGS: Step Size: 1.000
20/05/02 22:56:35 INFO LBFGS: Val and Grad Norm: 0.978014 (rel: 5.68e-05) 0.595575
20/05/02 22:56:35 INFO LBFGS: Step Size: 1.000
20/05/02 22:56:35 INFO LBFGS: Val and Grad Norm: 0.978001 (rel: 1.37e-05) 0.238216
20/05/02 22:56:35 INFO LBFGS: Step Size: 1.000
20/05/02 22:56:35 INFO LBFGS: Val and Grad Norm: 0.977998 (rel: 3.23e-06) 0.131787
20/05/02 22:56:35 INFO LBFGS: Step Size: 1.000
20/05/02 22:56:35 INFO LBFGS: Val and Grad Norm: 0.977996 (rel: 2.27e-06) 0.142113
20/05/02 22:56:35 INFO LBFGS: Step Size: 1.000
20/05/02 22:56:35 INFO LBFGS: Val and Grad Norm: 0.977988 (rel: 8.02e-06) 0.332602
20/05/02 22:56:35 INFO LBFGS: Step Size: 1.000
20/05/02 22:56:35 INFO LBFGS: Val and Grad Norm: 0.977972 (rel: 1.60e-05) 0.643417
20/05/02 22:56:35 INFO LBFGS: Step Size: 1.000
20/05/02 22:56:35 INFO LBFGS: Val and Grad Norm: 0.977932 (rel: 4.15e-05) 1.19889
20/05/02 22:56:36 INFO LBFGS: Step Size: 1.000
20/05/02 22:56:36 INFO LBFGS: Val and Grad Norm: 0.977832 (rel: 0.000102) 2.03476
20/05/02 22:56:36 INFO LBFGS: Step Size: 1.000
20/05/02 22:56:36 INFO LBFGS: Val and Grad Norm: 0.977547 (rel: 0.000291) 3.13747
20/05/02 22:56:36 INFO LBFGS: Step Size: 1.000
20/05/02 22:56:36 INFO LBFGS: Val and Grad Norm: 0.976900 (rel: 0.000661) 5.12279
20/05/02 22:56:36 INFO LBFGS: Step Size: 1.000
20/05/02 22:56:36 INFO LBFGS: Val and Grad Norm: 0.975581 (rel: 0.00135) 5.65944
20/05/02 22:56:36 INFO StrongWolfeLineSearch: Line search t: 0.24594066173531137 fval: 0.9748897586676532 rhs: 0.9755807562939462 cdd: -5.597146068866618E-6
20/05/02 22:56:36 INFO LBFGS: Step Size: 0.2459
20/05/02 22:56:36 INFO LBFGS: Val and Grad Norm: 0.974890 (rel: 0.000708) 13.1524
20/05/02 22:56:36 INFO LBFGS: Step Size: 1.000
20/05/02 22:56:36 INFO LBFGS: Val and Grad Norm: 0.972226 (rel: 0.00273) 9.23536
20/05/02 22:56:36 INFO LBFGS: Step Size: 1.000
20/05/02 22:56:36 INFO LBFGS: Val and Grad Norm: 0.967919 (rel: 0.00443) 4.47987
20/05/02 22:56:36 INFO LBFGS: Step Size: 1.000
20/05/02 22:56:36 INFO LBFGS: Val and Grad Norm: 0.965560 (rel: 0.00244) 4.90183
20/05/02 22:56:36 INFO LBFGS: Step Size: 1.000
20/05/02 22:56:36 INFO LBFGS: Val and Grad Norm: 0.964414 (rel: 0.00119) 6.50250
20/05/02 22:56:36 INFO LBFGS: Step Size: 1.000
20/05/02 22:56:36 INFO LBFGS: Val and Grad Norm: 0.963730 (rel: 0.000709) 2.50149
20/05/02 22:56:36 INFO LBFGS: Step Size: 1.000
20/05/02 22:56:36 INFO LBFGS: Val and Grad Norm: 0.963559 (rel: 0.000177) 1.22104
20/05/02 22:56:36 INFO LBFGS: Step Size: 1.000
20/05/02 22:56:36 INFO LBFGS: Val and Grad Norm: 0.963516 (rel: 4.54e-05) 0.351809
20/05/02 22:56:36 INFO LBFGS: Step Size: 1.000
20/05/02 22:56:36 INFO LBFGS: Val and Grad Norm: 0.963502 (rel: 1.37e-05) 0.192502
20/05/02 22:56:36 INFO LBFGS: Step Size: 1.000
20/05/02 22:56:36 INFO LBFGS: Val and Grad Norm: 0.963487 (rel: 1.63e-05) 0.331482
20/05/02 22:56:36 INFO LBFGS: Step Size: 1.000
20/05/02 22:56:36 INFO LBFGS: Val and Grad Norm: 0.963473 (rel: 1.42e-05) 0.354870
20/05/02 22:56:36 INFO StrongWolfeLineSearch: Line search t: 0.2387433158453216 fval: 0.9634698400033647 rhs: 0.9634730656371021 cdd: 2.3706486762791606E-10
20/05/02 22:56:36 INFO LBFGS: Step Size: 0.2387
20/05/02 22:56:36 INFO LBFGS: Val and Grad Norm: 0.963470 (rel: 3.35e-06) 0.705535
20/05/02 22:56:36 INFO LBFGS: Step Size: 1.000
20/05/02 22:56:36 INFO LBFGS: Val and Grad Norm: 0.963459 (rel: 1.17e-05) 0.345228
20/05/02 22:56:36 INFO LBFGS: Step Size: 1.000
20/05/02 22:56:36 INFO LBFGS: Val and Grad Norm: 0.963452 (rel: 6.62e-06) 0.197916
20/05/02 22:56:36 INFO LBFGS: Step Size: 1.000
20/05/02 22:56:36 INFO LBFGS: Val and Grad Norm: 0.963447 (rel: 5.82e-06) 0.329619
20/05/02 22:56:36 INFO LBFGS: Step Size: 1.000
20/05/02 22:56:36 INFO LBFGS: Val and Grad Norm: 0.963443 (rel: 3.63e-06) 0.364288
20/05/02 22:56:36 INFO StrongWolfeLineSearch: Line search t: 0.10340317584564596 fval: 0.9634422629672753 rhs: 0.9634430557308057 cdd: -1.3752508436010917E-10
20/05/02 22:56:36 INFO LBFGS: Step Size: 0.1034
20/05/02 22:56:36 INFO LBFGS: Val and Grad Norm: 0.963442 (rel: 8.23e-07) 0.197926
20/05/02 22:56:36 INFO LBFGS: Step Size: 1.000
20/05/02 22:56:36 INFO LBFGS: Val and Grad Norm: 0.963440 (rel: 2.84e-06) 0.143803
20/05/02 22:56:36 INFO LBFGS: Step Size: 1.000
20/05/02 22:56:36 INFO LBFGS: Val and Grad Norm: 0.963437 (rel: 3.02e-06) 0.128089
20/05/02 22:56:36 INFO LBFGS: Step Size: 1.000
20/05/02 22:56:36 INFO LBFGS: Val and Grad Norm: 0.963432 (rel: 4.83e-06) 0.353532
20/05/02 22:56:36 INFO LBFGS: Step Size: 1.000
20/05/02 22:56:36 INFO LBFGS: Val and Grad Norm: 0.963428 (rel: 4.30e-06) 0.192631
20/05/02 22:56:36 INFO LBFGS: Step Size: 1.000
20/05/02 22:56:36 INFO LBFGS: Val and Grad Norm: 0.963426 (rel: 2.11e-06) 0.143609
20/05/02 22:56:36 INFO LBFGS: Step Size: 1.000
20/05/02 22:56:36 INFO LBFGS: Val and Grad Norm: 0.963419 (rel: 6.65e-06) 0.368544
20/05/02 22:56:37 INFO LBFGS: Step Size: 1.000
20/05/02 22:56:37 INFO LBFGS: Val and Grad Norm: 0.963410 (rel: 9.51e-06) 0.372438
20/05/02 22:56:37 INFO StrongWolfeLineSearch: Line search t: 0.4721300736483697 fval: 0.9633998787174819 rhs: 0.9634102209006091 cdd: 7.418628667106575E-11
20/05/02 22:56:37 INFO LBFGS: Step Size: 0.4721
20/05/02 22:56:37 INFO LBFGS: Val and Grad Norm: 0.963400 (rel: 1.07e-05) 1.29268
20/05/02 22:56:37 INFO LBFGS: Step Size: 1.000
20/05/02 22:56:37 INFO LBFGS: Val and Grad Norm: 0.963378 (rel: 2.32e-05) 0.937871
20/05/02 22:56:37 INFO LBFGS: Step Size: 1.000
20/05/02 22:56:37 INFO LBFGS: Val and Grad Norm: 0.963326 (rel: 5.37e-05) 0.414713
20/05/02 22:56:37 INFO LBFGS: Step Size: 1.000
20/05/02 22:56:37 INFO LBFGS: Val and Grad Norm: 0.963289 (rel: 3.82e-05) 1.02015
20/05/02 22:56:37 INFO LBFGS: Step Size: 1.000
20/05/02 22:56:37 INFO LBFGS: Val and Grad Norm: 0.963246 (rel: 4.44e-05) 0.741634
20/05/02 22:56:37 INFO LBFGS: Step Size: 1.000
20/05/02 22:56:37 INFO LBFGS: Val and Grad Norm: 0.963199 (rel: 4.92e-05) 1.31276
20/05/02 22:56:37 INFO LBFGS: Step Size: 1.000
20/05/02 22:56:37 INFO LBFGS: Val and Grad Norm: 0.963138 (rel: 6.26e-05) 0.651239
20/05/02 22:56:37 INFO LBFGS: Step Size: 1.000
20/05/02 22:56:37 INFO LBFGS: Val and Grad Norm: 0.963059 (rel: 8.24e-05) 1.02297
20/05/02 22:56:37 INFO LBFGS: Step Size: 1.000
20/05/02 22:56:37 INFO LBFGS: Val and Grad Norm: 0.963031 (rel: 2.90e-05) 1.06116
20/05/02 22:56:37 INFO StrongWolfeLineSearch: Line search t: 0.3344523990116407 fval: 0.9629607515680026 rhs: 0.963031127073321 cdd: 4.924514282987624E-8
20/05/02 22:56:37 INFO LBFGS: Step Size: 0.3345
20/05/02 22:56:37 INFO LBFGS: Val and Grad Norm: 0.962961 (rel: 7.31e-05) 1.77975
20/05/02 22:56:37 INFO LBFGS: Step Size: 1.000
20/05/02 22:56:37 INFO LBFGS: Val and Grad Norm: 0.962830 (rel: 0.000136) 1.05908
20/05/02 22:56:37 INFO LBFGS: Step Size: 1.000
20/05/02 22:56:37 INFO LBFGS: Val and Grad Norm: 0.962684 (rel: 0.000152) 1.03710
20/05/02 22:56:37 INFO LBFGS: Step Size: 1.000
20/05/02 22:56:37 INFO LBFGS: Val and Grad Norm: 0.962422 (rel: 0.000272) 2.31560
20/05/02 22:56:37 INFO LBFGS: Step Size: 1.000
20/05/02 22:56:37 INFO LBFGS: Val and Grad Norm: 0.962080 (rel: 0.000355) 2.88584
20/05/02 22:56:37 INFO LBFGS: Step Size: 1.000
20/05/02 22:56:37 INFO LBFGS: Val and Grad Norm: 0.961490 (rel: 0.000614) 3.82475
20/05/02 22:56:37 INFO LBFGS: Step Size: 1.000
20/05/02 22:56:37 INFO LBFGS: Val and Grad Norm: 0.960400 (rel: 0.00113) 2.74637
20/05/02 22:56:37 INFO LBFGS: Step Size: 1.000
20/05/02 22:56:37 INFO LBFGS: Val and Grad Norm: 0.958820 (rel: 0.00165) 6.56819
20/05/02 22:56:37 INFO LBFGS: Step Size: 1.000
20/05/02 22:56:37 INFO LBFGS: Val and Grad Norm: 0.958249 (rel: 0.000595) 9.05915
20/05/02 22:56:37 INFO LBFGS: Step Size: 1.000
20/05/02 22:56:37 INFO LBFGS: Val and Grad Norm: 0.956688 (rel: 0.00163) 2.80059
20/05/02 22:56:37 INFO LBFGS: Step Size: 1.000
20/05/02 22:56:37 INFO LBFGS: Val and Grad Norm: 0.955832 (rel: 0.000895) 1.96456
20/05/02 22:56:37 INFO LBFGS: Step Size: 1.000
20/05/02 22:56:37 INFO LBFGS: Val and Grad Norm: 0.955428 (rel: 0.000423) 2.32331
20/05/02 22:56:37 INFO LBFGS: Step Size: 1.000
20/05/02 22:56:37 INFO LBFGS: Val and Grad Norm: 0.955275 (rel: 0.000160) 1.25045
20/05/02 22:56:37 INFO LBFGS: Step Size: 1.000
20/05/02 22:56:37 INFO LBFGS: Val and Grad Norm: 0.954996 (rel: 0.000292) 1.68136
20/05/02 22:56:37 INFO LBFGS: Step Size: 1.000
20/05/02 22:56:37 INFO LBFGS: Val and Grad Norm: 0.954829 (rel: 0.000175) 1.68444
20/05/02 22:56:37 INFO StrongWolfeLineSearch: Line search t: 0.48913523911479406 fval: 0.9547772941853218 rhs: 0.9548285386414399 cdd: 3.833156212145611E-10
20/05/02 22:56:37 INFO LBFGS: Step Size: 0.4891
20/05/02 22:56:37 INFO LBFGS: Val and Grad Norm: 0.954777 (rel: 5.37e-05) 2.87804
20/05/02 22:56:37 INFO LBFGS: Step Size: 1.000
20/05/02 22:56:37 INFO LBFGS: Val and Grad Norm: 0.954710 (rel: 7.00e-05) 0.355750
20/05/02 22:56:37 INFO LBFGS: Step Size: 1.000
20/05/02 22:56:37 INFO LBFGS: Val and Grad Norm: 0.954697 (rel: 1.41e-05) 0.149041
20/05/02 22:56:37 INFO StrongWolfeLineSearch: Line search t: 0.4473447687545896 fval: 0.9546922501037761 rhs: 0.9546969924411948 cdd: -4.983366177395768E-12
20/05/02 22:56:37 INFO LBFGS: Step Size: 0.4473
20/05/02 22:56:37 INFO LBFGS: Val and Grad Norm: 0.954692 (rel: 4.97e-06) 0.416939
20/05/02 22:56:37 INFO LBFGS: Step Size: 1.000
20/05/02 22:56:37 INFO LBFGS: Val and Grad Norm: 0.954686 (rel: 6.73e-06) 0.223398
20/05/02 22:56:37 INFO LBFGS: Step Size: 1.000
20/05/02 22:56:37 INFO LBFGS: Val and Grad Norm: 0.954683 (rel: 2.44e-06) 0.150881
20/05/02 22:56:38 INFO LBFGS: Step Size: 1.000
20/05/02 22:56:38 INFO LBFGS: Val and Grad Norm: 0.954681 (rel: 2.52e-06) 0.135108
20/05/02 22:56:38 INFO StrongWolfeLineSearch: Line search t: 0.32727817746340415 fval: 0.9546804401436 rhs: 0.9546810923130702 cdd: 1.6571836276553596E-11
20/05/02 22:56:38 INFO LBFGS: Step Size: 0.3273
20/05/02 22:56:38 INFO LBFGS: Val and Grad Norm: 0.954680 (rel: 6.83e-07) 0.127085
20/05/02 22:56:38 INFO LBFGS: Step Size: 1.500
20/05/02 22:56:38 INFO LBFGS: Val and Grad Norm: 0.954679 (rel: 1.11e-06) 0.121865
20/05/02 22:56:38 INFO LBFGS: Step Size: 1.000
20/05/02 22:56:38 INFO LBFGS: Val and Grad Norm: 0.954672 (rel: 8.07e-06) 0.173843
20/05/02 22:56:38 INFO LBFGS: Step Size: 1.000
20/05/02 22:56:38 INFO LBFGS: Val and Grad Norm: 0.954666 (rel: 6.32e-06) 0.199799
20/05/02 22:56:38 INFO LBFGS: Step Size: 1.000
20/05/02 22:56:38 INFO LBFGS: Val and Grad Norm: 0.954655 (rel: 1.09e-05) 0.304851
20/05/02 22:56:38 INFO StrongWolfeLineSearch: Line search t: 0.1807405637445978 fval: 0.954653420685077 rhs: 0.9546552378603544 cdd: -2.944214124345375E-11
20/05/02 22:56:38 INFO LBFGS: Step Size: 0.1807
20/05/02 22:56:38 INFO LBFGS: Val and Grad Norm: 0.954653 (rel: 1.90e-06) 0.272455
20/05/02 22:56:38 INFO LBFGS: Step Size: 1.000
20/05/02 22:56:38 INFO LBFGS: Val and Grad Norm: 0.954651 (rel: 2.82e-06) 0.217811
20/05/02 22:56:38 INFO LBFGS: Step Size: 1.000
20/05/02 22:56:38 INFO LBFGS: Val and Grad Norm: 0.954647 (rel: 3.54e-06) 0.167559
20/05/02 22:56:38 INFO LBFGS: Step Size: 1.000
20/05/02 22:56:38 INFO LBFGS: Val and Grad Norm: 0.954646 (rel: 1.84e-06) 0.163864
20/05/02 22:56:38 INFO LBFGS: Step Size: 1.000
20/05/02 22:56:38 INFO LBFGS: Val and Grad Norm: 0.954643 (rel: 2.44e-06) 0.102250
20/05/02 22:56:38 INFO LBFGS: Step Size: 1.000
20/05/02 22:56:38 INFO LBFGS: Val and Grad Norm: 0.954641 (rel: 2.30e-06) 0.147085
20/05/02 22:56:38 INFO LBFGS: Step Size: 1.000
20/05/02 22:56:38 INFO LBFGS: Val and Grad Norm: 0.954631 (rel: 1.06e-05) 0.333242
20/05/02 22:56:38 INFO LBFGS: Step Size: 1.000
20/05/02 22:56:38 INFO LBFGS: Val and Grad Norm: 0.954616 (rel: 1.54e-05) 0.682723
20/05/02 22:56:38 INFO LBFGS: Step Size: 1.000
20/05/02 22:56:38 INFO LBFGS: Val and Grad Norm: 0.954590 (rel: 2.80e-05) 0.690725
20/05/02 22:56:38 INFO LBFGS: Step Size: 1.000
20/05/02 22:56:38 INFO LBFGS: Val and Grad Norm: 0.954526 (rel: 6.70e-05) 0.757375
20/05/02 22:56:38 INFO LBFGS: Step Size: 1.000
20/05/02 22:56:38 INFO LBFGS: Val and Grad Norm: 0.954382 (rel: 0.000151) 1.21036
20/05/02 22:56:38 INFO LBFGS: Step Size: 1.000
20/05/02 22:56:38 INFO LBFGS: Val and Grad Norm: 0.954284 (rel: 0.000103) 3.64351
20/05/02 22:56:38 INFO LBFGS: Step Size: 1.000
20/05/02 22:56:38 INFO LBFGS: Val and Grad Norm: 0.954115 (rel: 0.000177) 1.40131
20/05/02 22:56:38 INFO LBFGS: Step Size: 1.000
20/05/02 22:56:38 INFO LBFGS: Val and Grad Norm: 0.953929 (rel: 0.000195) 1.64368
20/05/02 22:56:38 INFO LBFGS: Step Size: 1.000
20/05/02 22:56:38 INFO LBFGS: Val and Grad Norm: 0.953653 (rel: 0.000289) 2.59870
20/05/02 22:56:38 INFO LBFGS: Step Size: 1.000
20/05/02 22:56:38 INFO LBFGS: Val and Grad Norm: 0.953330 (rel: 0.000339) 2.51756
20/05/02 22:56:38 INFO LBFGS: Step Size: 1.000
20/05/02 22:56:38 INFO LBFGS: Val and Grad Norm: 0.952782 (rel: 0.000575) 1.61900
20/05/02 22:56:38 INFO LBFGS: Step Size: 1.000
20/05/02 22:56:38 INFO LBFGS: Val and Grad Norm: 0.952444 (rel: 0.000355) 4.08441
20/05/02 22:56:38 INFO LBFGS: Step Size: 1.000
20/05/02 22:56:38 INFO LBFGS: Val and Grad Norm: 0.952034 (rel: 0.000431) 3.90736
20/05/02 22:56:38 INFO LBFGS: Step Size: 1.000
20/05/02 22:56:38 INFO LBFGS: Val and Grad Norm: 0.951809 (rel: 0.000236) 2.39608
20/05/02 22:56:38 INFO LBFGS: Step Size: 1.000
20/05/02 22:56:38 INFO LBFGS: Val and Grad Norm: 0.951615 (rel: 0.000204) 0.969192
20/05/02 22:56:38 INFO LBFGS: Step Size: 1.000
20/05/02 22:56:38 INFO LBFGS: Val and Grad Norm: 0.951468 (rel: 0.000155) 0.508491
20/05/02 22:56:38 INFO LBFGS: Step Size: 1.000
20/05/02 22:56:38 INFO LBFGS: Val and Grad Norm: 0.951391 (rel: 8.09e-05) 2.16233
20/05/02 22:56:38 INFO LBFGS: Step Size: 1.000
20/05/02 22:56:38 INFO LBFGS: Val and Grad Norm: 0.951303 (rel: 9.24e-05) 1.43640
20/05/02 22:56:38 INFO LBFGS: Step Size: 1.000
20/05/02 22:56:38 INFO LBFGS: Val and Grad Norm: 0.951237 (rel: 6.94e-05) 1.19368
20/05/02 22:56:38 INFO StrongWolfeLineSearch: Line search t: 0.3651914469982398 fval: 0.9511889085969851 rhs: 0.9512367995057519 cdd: 1.6559251290738626E-8
20/05/02 22:56:38 INFO LBFGS: Step Size: 0.3652
20/05/02 22:56:38 INFO LBFGS: Val and Grad Norm: 0.951189 (rel: 5.04e-05) 1.04141
20/05/02 22:56:39 INFO LBFGS: Step Size: 1.000
20/05/02 22:56:39 INFO LBFGS: Val and Grad Norm: 0.951144 (rel: 4.72e-05) 0.687916
20/05/02 22:56:39 INFO LBFGS: Step Size: 1.000
20/05/02 22:56:39 INFO LBFGS: Val and Grad Norm: 0.951092 (rel: 5.50e-05) 0.699462
20/05/02 22:56:39 INFO LBFGS: Step Size: 1.000
20/05/02 22:56:39 INFO LBFGS: Val and Grad Norm: 0.950988 (rel: 0.000109) 0.640453
20/05/02 22:56:39 INFO StrongWolfeLineSearch: Line search t: 0.4468389532894981 fval: 0.9509393067649726 rhs: 0.9509883034706207 cdd: 9.222313542174565E-10
20/05/02 22:56:39 INFO LBFGS: Step Size: 0.4468
20/05/02 22:56:39 INFO LBFGS: Val and Grad Norm: 0.950939 (rel: 5.15e-05) 1.70581
20/05/02 22:56:39 INFO LBFGS: Step Size: 1.000
20/05/02 22:56:39 INFO LBFGS: Val and Grad Norm: 0.950856 (rel: 8.76e-05) 0.425105
20/05/02 22:56:39 INFO LBFGS: Step Size: 1.000
20/05/02 22:56:39 INFO LBFGS: Val and Grad Norm: 0.950815 (rel: 4.30e-05) 0.447998
20/05/02 22:56:39 INFO LBFGS: Step Size: 1.000
20/05/02 22:56:39 INFO LBFGS: Val and Grad Norm: 0.950761 (rel: 5.65e-05) 0.740780
20/05/02 22:56:39 INFO LBFGS: Step Size: 1.000
20/05/02 22:56:39 INFO LBFGS: Val and Grad Norm: 0.950722 (rel: 4.18e-05) 1.88004
20/05/02 22:56:39 INFO LBFGS: Step Size: 1.000
20/05/02 22:56:39 INFO LBFGS: Val and Grad Norm: 0.950629 (rel: 9.76e-05) 1.61708
20/05/02 22:56:39 INFO LBFGS: Step Size: 1.000
20/05/02 22:56:39 INFO LBFGS: Val and Grad Norm: 0.950399 (rel: 0.000242) 1.57702
20/05/02 22:56:39 INFO StrongWolfeLineSearch: Line search t: 0.1 fval: 0.9503864611782936 rhs: 0.9503988519467833 cdd: 1.508042843284915E-4
20/05/02 22:56:39 INFO LBFGS: Step Size: 0.1000
20/05/02 22:56:39 INFO LBFGS: Val and Grad Norm: 0.950386 (rel: 1.30e-05) 0.982838
20/05/02 22:56:39 INFO LBFGS: Step Size: 1.000
20/05/02 22:56:39 INFO LBFGS: Val and Grad Norm: 0.950299 (rel: 9.20e-05) 0.481001
20/05/02 22:56:39 INFO LBFGS: Step Size: 1.000
20/05/02 22:56:39 INFO LBFGS: Val and Grad Norm: 0.950271 (rel: 2.91e-05) 0.349980
20/05/02 22:56:39 INFO LBFGS: Step Size: 1.000
20/05/02 22:56:39 INFO LBFGS: Val and Grad Norm: 0.950261 (rel: 1.14e-05) 0.249152
20/05/02 22:56:39 INFO LBFGS: Step Size: 1.000
20/05/02 22:56:39 INFO LBFGS: Val and Grad Norm: 0.950254 (rel: 6.98e-06) 0.219994
20/05/02 22:56:39 INFO LBFGS: Step Size: 1.000
20/05/02 22:56:39 INFO LBFGS: Val and Grad Norm: 0.950229 (rel: 2.60e-05) 0.591855
20/05/02 22:56:39 INFO LBFGS: Step Size: 1.000
20/05/02 22:56:39 INFO LBFGS: Val and Grad Norm: 0.950203 (rel: 2.79e-05) 0.867761
20/05/02 22:56:39 INFO LBFGS: Step Size: 1.000
20/05/02 22:56:39 INFO LBFGS: Val and Grad Norm: 0.950172 (rel: 3.28e-05) 0.742318
20/05/02 22:56:39 INFO LBFGS: Step Size: 1.000
20/05/02 22:56:39 INFO LBFGS: Val and Grad Norm: 0.950066 (rel: 0.000111) 1.72910
20/05/02 22:56:39 INFO LBFGS: Step Size: 1.000
20/05/02 22:56:39 INFO LBFGS: Val and Grad Norm: 0.950001 (rel: 6.91e-05) 0.611126
20/05/02 22:56:39 INFO LBFGS: Step Size: 1.000
20/05/02 22:56:39 INFO LBFGS: Val and Grad Norm: 0.949962 (rel: 4.10e-05) 0.370439
20/05/02 22:56:39 INFO LBFGS: Step Size: 1.000
20/05/02 22:56:39 INFO LBFGS: Val and Grad Norm: 0.949915 (rel: 4.92e-05) 0.901741
20/05/02 22:56:39 INFO StrongWolfeLineSearch: Line search t: 0.18070247412618035 fval: 0.949904204789972 rhs: 0.949915069370531 cdd: -1.3958241864859416E-9
20/05/02 22:56:39 INFO LBFGS: Step Size: 0.1807
20/05/02 22:56:39 INFO LBFGS: Val and Grad Norm: 0.949904 (rel: 1.14e-05) 0.345390
20/05/02 22:56:39 INFO LBFGS: Step Size: 1.000
20/05/02 22:56:39 INFO LBFGS: Val and Grad Norm: 0.949897 (rel: 7.10e-06) 0.314320
20/05/02 22:56:39 INFO LBFGS: Step Size: 1.000
20/05/02 22:56:39 INFO LBFGS: Val and Grad Norm: 0.949873 (rel: 2.62e-05) 0.162848
20/05/02 22:56:39 INFO LBFGS: Step Size: 1.000
20/05/02 22:56:39 INFO LBFGS: Val and Grad Norm: 0.949867 (rel: 5.95e-06) 0.107946
20/05/02 22:56:39 INFO LBFGS: Step Size: 1.000
20/05/02 22:56:39 INFO LBFGS: Val and Grad Norm: 0.949863 (rel: 3.89e-06) 0.0942172
20/05/02 22:56:39 INFO LBFGS: Step Size: 1.000
20/05/02 22:56:39 INFO LBFGS: Val and Grad Norm: 0.949861 (rel: 2.80e-06) 0.329133
20/05/02 22:56:39 INFO LBFGS: Step Size: 1.000
20/05/02 22:56:39 INFO LBFGS: Val and Grad Norm: 0.949854 (rel: 7.13e-06) 0.171079
20/05/02 22:56:39 INFO LBFGS: Step Size: 1.000
20/05/02 22:56:39 INFO LBFGS: Val and Grad Norm: 0.949826 (rel: 2.97e-05) 0.596859
20/05/02 22:56:39 INFO LBFGS: Step Size: 1.000
20/05/02 22:56:39 INFO LBFGS: Val and Grad Norm: 0.949763 (rel: 6.63e-05) 1.37789
20/05/02 22:56:39 INFO LBFGS: Step Size: 1.000
20/05/02 22:56:39 INFO LBFGS: Val and Grad Norm: 0.949619 (rel: 0.000151) 2.42068
20/05/02 22:56:39 INFO LBFGS: Step Size: 1.000
20/05/02 22:56:39 INFO LBFGS: Val and Grad Norm: 0.949324 (rel: 0.000311) 3.64882
20/05/02 22:56:39 INFO StrongWolfeLineSearch: Line search t: 0.43673560253373434 fval: 0.9491128818971103 rhs: 0.9493239257233154 cdd: -9.331593490546214E-9
20/05/02 22:56:39 INFO LBFGS: Step Size: 0.4367
20/05/02 22:56:39 INFO LBFGS: Val and Grad Norm: 0.949113 (rel: 0.000222) 6.95616
20/05/02 22:56:39 INFO LBFGS: Step Size: 1.000
20/05/02 22:56:39 INFO LBFGS: Val and Grad Norm: 0.948578 (rel: 0.000564) 5.39475
20/05/02 22:56:39 INFO LBFGS: Step Size: 1.000
20/05/02 22:56:39 INFO LBFGS: Val and Grad Norm: 0.947633 (rel: 0.000997) 3.90311
20/05/02 22:56:40 INFO LBFGS: Step Size: 1.000
20/05/02 22:56:40 INFO LBFGS: Val and Grad Norm: 0.946818 (rel: 0.000859) 3.64234
20/05/02 22:56:40 INFO LBFGS: Step Size: 1.000
20/05/02 22:56:40 INFO LBFGS: Val and Grad Norm: 0.945841 (rel: 0.00103) 3.35842
20/05/02 22:56:40 INFO LBFGS: Step Size: 1.000
20/05/02 22:56:40 INFO LBFGS: Val and Grad Norm: 0.944751 (rel: 0.00115) 2.51303
20/05/02 22:56:40 INFO LBFGS: Step Size: 1.000
20/05/02 22:56:40 INFO LBFGS: Val and Grad Norm: 0.944612 (rel: 0.000147) 4.94891
20/05/02 22:56:40 INFO LBFGS: Step Size: 1.000
20/05/02 22:56:40 INFO LBFGS: Val and Grad Norm: 0.944096 (rel: 0.000546) 1.75893
20/05/02 22:56:40 INFO LBFGS: Step Size: 1.000
20/05/02 22:56:40 INFO LBFGS: Val and Grad Norm: 0.943840 (rel: 0.000271) 1.24819
20/05/02 22:56:40 INFO LBFGS: Step Size: 1.000
20/05/02 22:56:40 INFO LBFGS: Val and Grad Norm: 0.943283 (rel: 0.000590) 2.53895
20/05/02 22:56:40 INFO LBFGS: Step Size: 1.000
20/05/02 22:56:40 INFO LBFGS: Val and Grad Norm: 0.943007 (rel: 0.000293) 2.36416
20/05/02 22:56:40 INFO LBFGS: Step Size: 1.000
20/05/02 22:56:40 INFO LBFGS: Val and Grad Norm: 0.942802 (rel: 0.000217) 1.10140
20/05/02 22:56:40 INFO LBFGS: Step Size: 1.000
20/05/02 22:56:40 INFO LBFGS: Val and Grad Norm: 0.942767 (rel: 3.68e-05) 2.56490
20/05/02 22:56:40 INFO LBFGS: Step Size: 1.000
20/05/02 22:56:40 INFO LBFGS: Val and Grad Norm: 0.942728 (rel: 4.16e-05) 0.683560
20/05/02 22:56:40 INFO LBFGS: Step Size: 1.000
20/05/02 22:56:40 INFO LBFGS: Val and Grad Norm: 0.942718 (rel: 1.04e-05) 0.380354
20/05/02 22:56:40 INFO LBFGS: Step Size: 1.000
20/05/02 22:56:40 INFO LBFGS: Val and Grad Norm: 0.942704 (rel: 1.52e-05) 0.367177
20/05/02 22:56:40 INFO LBFGS: Step Size: 1.000
20/05/02 22:56:40 INFO LBFGS: Val and Grad Norm: 0.942692 (rel: 1.20e-05) 0.240339
20/05/02 22:56:40 INFO LBFGS: Step Size: 1.000
20/05/02 22:56:40 INFO LBFGS: Val and Grad Norm: 0.942692 (rel: 5.81e-07) 0.536244
20/05/02 22:56:40 INFO LBFGS: Step Size: 1.000
20/05/02 22:56:40 INFO LBFGS: Val and Grad Norm: 0.942687 (rel: 4.83e-06) 0.189667
20/05/02 22:56:40 INFO LBFGS: Step Size: 1.000
20/05/02 22:56:40 INFO LBFGS: Val and Grad Norm: 0.942686 (rel: 1.74e-06) 0.189983
20/05/02 22:56:40 INFO LBFGS: Step Size: 1.000
20/05/02 22:56:40 INFO LBFGS: Val and Grad Norm: 0.942677 (rel: 8.72e-06) 0.457641
20/05/02 22:56:40 INFO LBFGS: Step Size: 1.000
20/05/02 22:56:40 INFO LBFGS: Val and Grad Norm: 0.942666 (rel: 1.20e-05) 0.717247
20/05/02 22:56:40 INFO LBFGS: Step Size: 1.000
20/05/02 22:56:40 INFO LBFGS: Val and Grad Norm: 0.942649 (rel: 1.87e-05) 0.808117
20/05/02 22:56:40 INFO StrongWolfeLineSearch: Line search t: 0.21860281602485176 fval: 0.9426444339923041 rhs: 0.9426485861896365 cdd: -1.0041655577257107E-9
20/05/02 22:56:40 INFO LBFGS: Step Size: 0.2186
20/05/02 22:56:40 INFO LBFGS: Val and Grad Norm: 0.942644 (rel: 4.41e-06) 0.620029
20/05/02 22:56:40 INFO LBFGS: Step Size: 1.000
20/05/02 22:56:40 INFO LBFGS: Val and Grad Norm: 0.942631 (rel: 1.39e-05) 0.442016
20/05/02 22:56:40 INFO LBFGS: Step Size: 1.000
20/05/02 22:56:40 INFO LBFGS: Val and Grad Norm: 0.942628 (rel: 3.17e-06) 0.354888
20/05/02 22:56:40 INFO LBFGS: Step Size: 1.000
20/05/02 22:56:40 INFO LBFGS: Val and Grad Norm: 0.942627 (rel: 1.96e-06) 0.102143
20/05/02 22:56:40 INFO LBFGS: Step Size: 1.000
20/05/02 22:56:40 INFO LBFGS: Val and Grad Norm: 0.942626 (rel: 5.37e-07) 0.0889344
20/05/02 22:56:40 INFO LBFGS: Step Size: 1.000
20/05/02 22:56:40 INFO LBFGS: Val and Grad Norm: 0.942624 (rel: 2.30e-06) 0.172407
20/05/02 22:56:40 INFO LBFGS: Step Size: 1.000
20/05/02 22:56:40 INFO LBFGS: Val and Grad Norm: 0.942619 (rel: 4.90e-06) 0.282368
20/05/02 22:56:40 INFO LBFGS: Step Size: 1.000
20/05/02 22:56:40 INFO LBFGS: Val and Grad Norm: 0.942611 (rel: 8.75e-06) 0.490022
20/05/02 22:56:40 INFO LBFGS: Step Size: 1.000
20/05/02 22:56:40 INFO LBFGS: Val and Grad Norm: 0.942594 (rel: 1.76e-05) 0.569206
20/05/02 22:56:40 INFO LBFGS: Step Size: 1.000
20/05/02 22:56:40 INFO LBFGS: Val and Grad Norm: 0.942564 (rel: 3.21e-05) 0.851379
20/05/02 22:56:40 INFO LBFGS: Step Size: 1.000
20/05/02 22:56:40 INFO LBFGS: Val and Grad Norm: 0.942496 (rel: 7.19e-05) 1.00978
20/05/02 22:56:40 INFO LBFGS: Step Size: 1.000
20/05/02 22:56:40 INFO LBFGS: Val and Grad Norm: 0.942342 (rel: 0.000164) 1.64150
20/05/02 22:56:40 INFO LBFGS: Step Size: 1.000
20/05/02 22:56:40 INFO LBFGS: Val and Grad Norm: 0.942214 (rel: 0.000136) 1.79204
20/05/02 22:56:40 INFO LBFGS: Step Size: 1.000
20/05/02 22:56:40 INFO LBFGS: Val and Grad Norm: 0.942104 (rel: 0.000116) 1.09601
20/05/02 22:56:40 INFO LBFGS: Step Size: 1.000
20/05/02 22:56:40 INFO LBFGS: Val and Grad Norm: 0.942044 (rel: 6.39e-05) 0.975091
20/05/02 22:56:40 INFO StrongWolfeLineSearch: Line search t: 0.44358877651252826 fval: 0.9420269880791411 rhs: 0.9420442124359145 cdd: 1.9504342753514856E-10
20/05/02 22:56:40 INFO LBFGS: Step Size: 0.4436
20/05/02 22:56:40 INFO LBFGS: Val and Grad Norm: 0.942027 (rel: 1.83e-05) 0.545954
20/05/02 22:56:40 INFO LBFGS: Step Size: 1.000
20/05/02 22:56:40 INFO LBFGS: Val and Grad Norm: 0.942010 (rel: 1.79e-05) 0.332507
20/05/02 22:56:40 INFO LBFGS: Step Size: 1.000
20/05/02 22:56:40 INFO LBFGS: Val and Grad Norm: 0.941994 (rel: 1.71e-05) 0.398557
20/05/02 22:56:40 INFO LBFGS: Step Size: 1.000
20/05/02 22:56:40 INFO LBFGS: Val and Grad Norm: 0.941965 (rel: 3.09e-05) 0.293315
20/05/02 22:56:41 INFO StrongWolfeLineSearch: Line search t: 0.1708182345028636 fval: 0.9419597381566313 rhs: 0.9419649725659687 cdd: 6.712728756858542E-9
20/05/02 22:56:41 INFO LBFGS: Step Size: 0.1708
20/05/02 22:56:41 INFO LBFGS: Val and Grad Norm: 0.941960 (rel: 5.56e-06) 0.575792
20/05/02 22:56:41 INFO LBFGS: Step Size: 1.000
20/05/02 22:56:41 INFO LBFGS: Val and Grad Norm: 0.941951 (rel: 8.81e-06) 0.237652
20/05/02 22:56:41 INFO LBFGS: Step Size: 1.000
20/05/02 22:56:41 INFO LBFGS: Val and Grad Norm: 0.941949 (rel: 2.50e-06) 0.0975850
20/05/02 22:56:41 INFO LBFGS: Step Size: 1.000
20/05/02 22:56:41 INFO LBFGS: Val and Grad Norm: 0.941948 (rel: 9.92e-07) 0.127299
20/05/02 22:56:41 INFO LBFGS: Step Size: 1.000
20/05/02 22:56:41 INFO LBFGS: Val and Grad Norm: 0.941946 (rel: 2.43e-06) 0.229487
20/05/02 22:56:41 INFO LBFGS: Step Size: 1.000
20/05/02 22:56:41 INFO LBFGS: Val and Grad Norm: 0.941942 (rel: 3.83e-06) 0.328838
20/05/02 22:56:41 INFO LBFGS: Step Size: 1.000
20/05/02 22:56:41 INFO LBFGS: Val and Grad Norm: 0.941939 (rel: 3.76e-06) 0.378829
20/05/02 22:56:41 INFO LBFGS: Step Size: 1.000
20/05/02 22:56:41 INFO LBFGS: Val and Grad Norm: 0.941936 (rel: 2.90e-06) 0.954065
20/05/02 22:56:41 INFO LBFGS: Step Size: 1.000
20/05/02 22:56:41 INFO LBFGS: Val and Grad Norm: 0.941930 (rel: 6.66e-06) 0.479270
20/05/02 22:56:41 INFO LBFGS: Step Size: 1.000
20/05/02 22:56:41 INFO LBFGS: Val and Grad Norm: 0.941921 (rel: 8.85e-06) 0.297873
20/05/02 22:56:41 INFO LBFGS: Step Size: 1.000
20/05/02 22:56:41 INFO LBFGS: Val and Grad Norm: 0.941914 (rel: 7.31e-06) 0.615706
20/05/02 22:56:41 INFO LBFGS: Step Size: 1.000
20/05/02 22:56:41 INFO LBFGS: Val and Grad Norm: 0.941904 (rel: 1.14e-05) 0.780684
20/05/02 22:56:41 INFO LBFGS: Step Size: 1.000
20/05/02 22:56:41 INFO LBFGS: Val and Grad Norm: 0.941885 (rel: 1.96e-05) 0.857453
20/05/02 22:56:41 INFO LBFGS: Step Size: 1.000
20/05/02 22:56:41 INFO LBFGS: Val and Grad Norm: 0.941882 (rel: 3.59e-06) 1.21611
20/05/02 22:56:41 INFO LBFGS: Step Size: 1.000
20/05/02 22:56:41 INFO LBFGS: Val and Grad Norm: 0.941858 (rel: 2.51e-05) 0.637759
20/05/02 22:56:41 INFO LBFGS: Step Size: 1.000
20/05/02 22:56:41 INFO LBFGS: Val and Grad Norm: 0.941850 (rel: 8.38e-06) 0.385799
20/05/02 22:56:41 INFO LBFGS: Step Size: 1.000
20/05/02 22:56:41 INFO LBFGS: Val and Grad Norm: 0.941839 (rel: 1.19e-05) 0.399455
20/05/02 22:56:41 INFO LBFGS: Step Size: 1.000
20/05/02 22:56:41 INFO LBFGS: Val and Grad Norm: 0.941829 (rel: 1.06e-05) 0.444691
20/05/02 22:56:41 INFO LBFGS: Step Size: 1.000
20/05/02 22:56:41 INFO LBFGS: Val and Grad Norm: 0.941811 (rel: 1.93e-05) 0.286231
20/05/02 22:56:41 INFO StrongWolfeLineSearch: Line search t: 0.47064308270437993 fval: 0.9418057418504466 rhs: 0.9418110980020103 cdd: 5.575557851240746E-12
20/05/02 22:56:41 INFO LBFGS: Step Size: 0.4706
20/05/02 22:56:41 INFO LBFGS: Val and Grad Norm: 0.941806 (rel: 5.69e-06) 0.537257
20/05/02 22:56:41 INFO LBFGS: Step Size: 1.000
20/05/02 22:56:41 INFO LBFGS: Val and Grad Norm: 0.941799 (rel: 7.44e-06) 0.365326
20/05/02 22:56:41 INFO LBFGS: Step Size: 1.000
20/05/02 22:56:41 INFO LBFGS: Val and Grad Norm: 0.941793 (rel: 5.74e-06) 0.427814
20/05/02 22:56:41 INFO StrongWolfeLineSearch: Line search t: 0.5076782221291316 fval: 0.9417869291143416 rhs: 0.941793329234361 cdd: -4.0721218714720453E-13
20/05/02 22:56:41 INFO LBFGS: Step Size: 0.5077
20/05/02 22:56:41 INFO LBFGS: Val and Grad Norm: 0.941787 (rel: 6.80e-06) 0.325357
20/05/02 22:56:41 INFO LBFGS: Step Size: 1.000
20/05/02 22:56:41 INFO LBFGS: Val and Grad Norm: 0.941781 (rel: 6.74e-06) 0.152051
20/05/02 22:56:41 INFO LBFGS: Step Size: 1.000
20/05/02 22:56:41 INFO LBFGS: Val and Grad Norm: 0.941778 (rel: 2.72e-06) 0.0821209
20/05/02 22:56:41 INFO LBFGS: Step Size: 1.000
20/05/02 22:56:41 INFO LBFGS: Val and Grad Norm: 0.941777 (rel: 8.87e-07) 0.0926349
20/05/02 22:56:41 INFO LBFGS: Step Size: 1.000
20/05/02 22:56:41 INFO LBFGS: Val and Grad Norm: 0.941777 (rel: 2.06e-07) 0.126964
20/05/02 22:56:41 INFO LBFGS: Step Size: 1.000
20/05/02 22:56:41 INFO LBFGS: Val and Grad Norm: 0.941777 (rel: 4.30e-07) 0.0644691
20/05/02 22:56:41 INFO LBFGS: Step Size: 1.000
20/05/02 22:56:41 INFO LBFGS: Val and Grad Norm: 0.941776 (rel: 6.13e-07) 0.0855215
20/05/02 22:56:41 INFO LBFGS: Step Size: 1.000
20/05/02 22:56:41 INFO LBFGS: Val and Grad Norm: 0.941775 (rel: 1.43e-06) 0.195183
20/05/02 22:56:41 INFO LBFGS: Step Size: 1.000
20/05/02 22:56:41 INFO LBFGS: Val and Grad Norm: 0.941772 (rel: 2.82e-06) 0.308920
20/05/02 22:56:41 INFO LBFGS: Step Size: 1.000
20/05/02 22:56:41 INFO LBFGS: Val and Grad Norm: 0.941768 (rel: 3.87e-06) 0.822602
20/05/02 22:56:41 INFO LBFGS: Step Size: 1.000
20/05/02 22:56:41 INFO LBFGS: Val and Grad Norm: 0.941761 (rel: 8.26e-06) 0.617317
20/05/02 22:56:41 INFO LBFGS: Step Size: 1.000
20/05/02 22:56:41 INFO LBFGS: Val and Grad Norm: 0.941741 (rel: 2.11e-05) 0.627619
20/05/02 22:56:41 INFO LBFGS: Step Size: 1.000
20/05/02 22:56:41 INFO LBFGS: Val and Grad Norm: 0.941711 (rel: 3.13e-05) 1.06119
20/05/02 22:56:41 INFO LBFGS: Step Size: 1.000
20/05/02 22:56:41 INFO LBFGS: Val and Grad Norm: 0.941663 (rel: 5.09e-05) 1.61244
20/05/02 22:56:41 INFO LBFGS: Step Size: 1.000
20/05/02 22:56:41 INFO LBFGS: Val and Grad Norm: 0.941596 (rel: 7.17e-05) 1.87706
20/05/02 22:56:41 INFO LBFGS: Step Size: 1.000
20/05/02 22:56:41 INFO LBFGS: Val and Grad Norm: 0.941495 (rel: 0.000107) 1.05235
20/05/02 22:56:41 INFO StrongWolfeLineSearch: Line search t: 0.5219887039624924 fval: 0.9414275793197668 rhs: 0.9414954059601 cdd: 4.6787280538578E-11
20/05/02 22:56:41 INFO LBFGS: Step Size: 0.5220
20/05/02 22:56:41 INFO LBFGS: Val and Grad Norm: 0.941428 (rel: 7.21e-05) 1.55247
20/05/02 22:56:42 INFO LBFGS: Step Size: 1.000
20/05/02 22:56:42 INFO LBFGS: Val and Grad Norm: 0.941361 (rel: 7.11e-05) 0.495975
20/05/02 22:56:42 INFO LBFGS: Step Size: 1.000
20/05/02 22:56:42 INFO LBFGS: Val and Grad Norm: 0.941319 (rel: 4.42e-05) 1.32939
20/05/02 22:56:42 INFO LBFGS: Step Size: 1.000
20/05/02 22:56:42 INFO LBFGS: Val and Grad Norm: 0.941284 (rel: 3.75e-05) 1.61780
20/05/02 22:56:42 INFO LBFGS: Step Size: 1.000
20/05/02 22:56:42 INFO LBFGS: Val and Grad Norm: 0.941210 (rel: 7.87e-05) 1.52426
20/05/02 22:56:42 INFO StrongWolfeLineSearch: Line search t: 0.2613254286762109 fval: 0.9411733403657021 rhs: 0.9412095566272053 cdd: -9.168299401222718E-9
20/05/02 22:56:42 INFO LBFGS: Step Size: 0.2613
20/05/02 22:56:42 INFO LBFGS: Val and Grad Norm: 0.941173 (rel: 3.85e-05) 2.45163
20/05/02 22:56:42 INFO LBFGS: Step Size: 1.000
20/05/02 22:56:42 INFO LBFGS: Val and Grad Norm: 0.941103 (rel: 7.45e-05) 1.05939
20/05/02 22:56:42 INFO LBFGS: Step Size: 1.000
20/05/02 22:56:42 INFO LBFGS: Val and Grad Norm: 0.941063 (rel: 4.27e-05) 0.660568
20/05/02 22:56:42 INFO LBFGS: Step Size: 1.000
20/05/02 22:56:42 INFO LBFGS: Val and Grad Norm: 0.941044 (rel: 2.04e-05) 0.828978
20/05/02 22:56:42 INFO LBFGS: Step Size: 1.000
20/05/02 22:56:42 INFO LBFGS: Val and Grad Norm: 0.940993 (rel: 5.36e-05) 0.823537
20/05/02 22:56:42 INFO LBFGS: Step Size: 1.000
20/05/02 22:56:42 INFO LBFGS: Val and Grad Norm: 0.940837 (rel: 0.000166) 2.13718
20/05/02 22:56:42 INFO LBFGS: Step Size: 1.000
20/05/02 22:56:42 INFO LBFGS: Val and Grad Norm: 0.940651 (rel: 0.000198) 2.21119
20/05/02 22:56:42 INFO StrongWolfeLineSearch: Line search t: 0.23761790894266877 fval: 0.9405902038777889 rhs: 0.9406507501814831 cdd: 4.83527924748095E-8
20/05/02 22:56:42 INFO LBFGS: Step Size: 0.2376
20/05/02 22:56:42 INFO LBFGS: Val and Grad Norm: 0.940590 (rel: 6.44e-05) 1.03866
20/05/02 22:56:42 INFO LBFGS: Step Size: 1.000
20/05/02 22:56:42 INFO LBFGS: Val and Grad Norm: 0.940407 (rel: 0.000195) 0.863031
20/05/02 22:56:42 INFO StrongWolfeLineSearch: Line search t: 0.2779972770652942 fval: 0.9403516135358623 rhs: 0.9404071472564091 cdd: 1.4906347896911226E-7
20/05/02 22:56:42 INFO LBFGS: Step Size: 0.2780
20/05/02 22:56:42 INFO LBFGS: Val and Grad Norm: 0.940352 (rel: 5.91e-05) 1.01832
20/05/02 22:56:42 INFO LBFGS: Step Size: 1.000
20/05/02 22:56:42 INFO LBFGS: Val and Grad Norm: 0.940252 (rel: 0.000106) 0.374003
20/05/02 22:56:42 INFO LBFGS: Step Size: 1.000
20/05/02 22:56:42 INFO LBFGS: Val and Grad Norm: 0.940236 (rel: 1.74e-05) 0.291660
20/05/02 22:56:42 INFO StrongWolfeLineSearch: Line search t: 0.12797605614571228 fval: 0.9402345753418689 rhs: 0.9402359636533737 cdd: -2.5566299896706405E-10
20/05/02 22:56:42 INFO LBFGS: Step Size: 0.1280
20/05/02 22:56:42 INFO LBFGS: Val and Grad Norm: 0.940235 (rel: 1.48e-06) 0.149054
20/05/02 22:56:42 INFO LBFGS: Step Size: 1.000
20/05/02 22:56:42 INFO LBFGS: Val and Grad Norm: 0.940233 (rel: 1.39e-06) 0.121327
20/05/02 22:56:42 INFO LBFGS: Step Size: 1.000
20/05/02 22:56:42 INFO LBFGS: Val and Grad Norm: 0.940231 (rel: 1.91e-06) 0.283476
20/05/02 22:56:42 INFO LBFGS: Step Size: 1.000
20/05/02 22:56:42 INFO LBFGS: Val and Grad Norm: 0.940230 (rel: 1.99e-06) 0.133430
20/05/02 22:56:42 INFO LBFGS: Step Size: 1.000
20/05/02 22:56:42 INFO LBFGS: Val and Grad Norm: 0.940228 (rel: 1.24e-06) 0.0698964
20/05/02 22:56:42 INFO LBFGS: Step Size: 1.000
20/05/02 22:56:42 INFO LBFGS: Val and Grad Norm: 0.940228 (rel: 4.41e-07) 0.0555925
20/05/02 22:56:42 INFO LBFGS: Step Size: 1.000
20/05/02 22:56:42 INFO LBFGS: Val and Grad Norm: 0.940227 (rel: 9.90e-07) 0.0647882
20/05/02 22:56:42 INFO LBFGS: Step Size: 1.000
20/05/02 22:56:42 INFO LBFGS: Val and Grad Norm: 0.940226 (rel: 1.38e-06) 0.233232
20/05/02 22:56:42 INFO LBFGS: Step Size: 1.000
20/05/02 22:56:42 INFO LBFGS: Val and Grad Norm: 0.940224 (rel: 2.13e-06) 0.218961
20/05/02 22:56:42 INFO LBFGS: Step Size: 1.000
20/05/02 22:56:42 INFO LBFGS: Val and Grad Norm: 0.940222 (rel: 2.16e-06) 0.222584
20/05/02 22:56:42 INFO LBFGS: Step Size: 1.000
20/05/02 22:56:42 INFO LBFGS: Val and Grad Norm: 0.940213 (rel: 9.16e-06) 0.159354
20/05/02 22:56:42 INFO LBFGS: Step Size: 1.000
20/05/02 22:56:42 INFO LBFGS: Val and Grad Norm: 0.940199 (rel: 1.53e-05) 0.300742
20/05/02 22:56:42 INFO StrongWolfeLineSearch: Line search t: 0.34189734542932526 fval: 0.9401924446870247 rhs: 0.9401988055127249 cdd: -7.879510271593449E-11
20/05/02 22:56:42 INFO LBFGS: Step Size: 0.3419
20/05/02 22:56:42 INFO LBFGS: Val and Grad Norm: 0.940192 (rel: 6.77e-06) 0.832632
20/05/02 22:56:42 INFO LBFGS: Step Size: 1.000
20/05/02 22:56:42 INFO LBFGS: Val and Grad Norm: 0.940171 (rel: 2.33e-05) 0.789950
20/05/02 22:56:42 INFO LBFGS: Step Size: 1.000
20/05/02 22:56:42 INFO LBFGS: Val and Grad Norm: 0.940103 (rel: 7.22e-05) 3.18459
20/05/02 22:56:42 INFO LBFGS: Step Size: 1.000
20/05/02 22:56:42 INFO LBFGS: Val and Grad Norm: 0.940002 (rel: 0.000107) 0.808844
20/05/02 22:56:42 INFO LBFGS: Step Size: 1.000
20/05/02 22:56:42 INFO LBFGS: Val and Grad Norm: 0.939970 (rel: 3.39e-05) 0.541023
20/05/02 22:56:42 INFO LBFGS: Step Size: 1.000
20/05/02 22:56:42 INFO LBFGS: Val and Grad Norm: 0.939930 (rel: 4.26e-05) 0.691555
20/05/02 22:56:42 INFO LBFGS: Step Size: 1.000
20/05/02 22:56:42 INFO LBFGS: Val and Grad Norm: 0.939896 (rel: 3.62e-05) 0.622212
20/05/02 22:56:42 INFO LBFGS: Step Size: 1.000
20/05/02 22:56:42 INFO LBFGS: Val and Grad Norm: 0.939782 (rel: 0.000121) 1.31537
20/05/02 22:56:42 INFO StrongWolfeLineSearch: Line search t: 0.21734456161821947 fval: 0.9397130140950709 rhs: 0.9397823548144434 cdd: 1.782905942731292E-7
20/05/02 22:56:42 INFO LBFGS: Step Size: 0.2173
20/05/02 22:56:42 INFO LBFGS: Val and Grad Norm: 0.939713 (rel: 7.38e-05) 0.758648
20/05/02 22:56:42 INFO LBFGS: Step Size: 1.000
20/05/02 22:56:42 INFO LBFGS: Val and Grad Norm: 0.939617 (rel: 0.000102) 0.382001
20/05/02 22:56:42 INFO LBFGS: Step Size: 1.000
20/05/02 22:56:42 INFO LBFGS: Val and Grad Norm: 0.939558 (rel: 6.26e-05) 0.419405
20/05/02 22:56:43 INFO StrongWolfeLineSearch: Line search t: 0.13526140415142673 fval: 0.9395533365622156 rhs: 0.9395578992139809 cdd: 1.4094859539497823E-9
20/05/02 22:56:43 INFO LBFGS: Step Size: 0.1353
20/05/02 22:56:43 INFO LBFGS: Val and Grad Norm: 0.939553 (rel: 4.86e-06) 0.433314
20/05/02 22:56:43 INFO LBFGS: Step Size: 1.000
20/05/02 22:56:43 INFO LBFGS: Val and Grad Norm: 0.939541 (rel: 1.34e-05) 0.232852
20/05/02 22:56:43 INFO LBFGS: Step Size: 1.000
20/05/02 22:56:43 INFO LBFGS: Val and Grad Norm: 0.939533 (rel: 8.59e-06) 0.217012
20/05/02 22:56:43 INFO StrongWolfeLineSearch: Line search t: 0.27411525148068216 fval: 0.9395302926015234 rhs: 0.9395326365348574 cdd: 9.189116481622683E-13
20/05/02 22:56:43 INFO LBFGS: Step Size: 0.2741
20/05/02 22:56:43 INFO LBFGS: Val and Grad Norm: 0.939530 (rel: 2.50e-06) 0.318938
20/05/02 22:56:43 INFO LBFGS: Step Size: 1.000
20/05/02 22:56:43 INFO LBFGS: Val and Grad Norm: 0.939527 (rel: 3.95e-06) 0.186193
20/05/02 22:56:43 INFO LBFGS: Step Size: 1.000
20/05/02 22:56:43 INFO LBFGS: Val and Grad Norm: 0.939521 (rel: 5.64e-06) 0.156044
20/05/02 22:56:43 INFO LBFGS: Step Size: 1.000
20/05/02 22:56:43 INFO LBFGS: Val and Grad Norm: 0.939518 (rel: 3.91e-06) 0.212115
20/05/02 22:56:43 INFO LBFGS: Step Size: 1.000
20/05/02 22:56:43 INFO LBFGS: Val and Grad Norm: 0.939493 (rel: 2.58e-05) 0.514798
20/05/02 22:56:43 INFO LBFGS: Step Size: 1.000
20/05/02 22:56:43 INFO LBFGS: Val and Grad Norm: 0.939454 (rel: 4.17e-05) 0.791961
20/05/02 22:56:43 INFO LBFGS: Step Size: 1.000
20/05/02 22:56:43 INFO LBFGS: Val and Grad Norm: 0.939373 (rel: 8.63e-05) 1.00378
20/05/02 22:56:43 INFO StrongWolfeLineSearch: Line search t: 0.368910425606652 fval: 0.9393389432375027 rhs: 0.9393730999931333 cdd: 4.317613539264742E-9
20/05/02 22:56:43 INFO LBFGS: Step Size: 0.3689
20/05/02 22:56:43 INFO LBFGS: Val and Grad Norm: 0.939339 (rel: 3.64e-05) 1.62169
20/05/02 22:56:43 INFO LBFGS: Step Size: 1.000
20/05/02 22:56:43 INFO LBFGS: Val and Grad Norm: 0.939250 (rel: 9.49e-05) 0.978284
20/05/02 22:56:43 INFO LBFGS: Step Size: 1.000
20/05/02 22:56:43 INFO LBFGS: Val and Grad Norm: 0.939207 (rel: 4.60e-05) 1.60302
20/05/02 22:56:43 INFO LBFGS: Step Size: 1.000
20/05/02 22:56:43 INFO LBFGS: Val and Grad Norm: 0.939197 (rel: 1.07e-05) 1.53794
20/05/02 22:56:43 INFO LBFGS: Step Size: 1.000
20/05/02 22:56:43 INFO LBFGS: Val and Grad Norm: 0.939172 (rel: 2.64e-05) 0.299803
20/05/02 22:56:43 INFO LBFGS: Step Size: 1.000
20/05/02 22:56:43 INFO LBFGS: Val and Grad Norm: 0.939169 (rel: 3.37e-06) 0.280841
20/05/02 22:56:43 INFO StrongWolfeLineSearch: Line search t: 0.193066731137857 fval: 0.93916467410959 rhs: 0.9391686237003384 cdd: -4.3927123147703E-10
20/05/02 22:56:43 INFO LBFGS: Step Size: 0.1931
20/05/02 22:56:43 INFO LBFGS: Val and Grad Norm: 0.939165 (rel: 4.21e-06) 0.569845
20/05/02 22:56:43 INFO LBFGS: Step Size: 1.000
20/05/02 22:56:43 INFO LBFGS: Val and Grad Norm: 0.939154 (rel: 1.17e-05) 0.336702
20/05/02 22:56:43 INFO LBFGS: Step Size: 1.000
20/05/02 22:56:43 INFO LBFGS: Val and Grad Norm: 0.939144 (rel: 1.05e-05) 0.267160
20/05/02 22:56:43 INFO LBFGS: Step Size: 1.000
20/05/02 22:56:43 INFO LBFGS: Val and Grad Norm: 0.939131 (rel: 1.32e-05) 0.289560
20/05/02 22:56:43 INFO LBFGS: Step Size: 1.000
20/05/02 22:56:43 INFO LBFGS: Val and Grad Norm: 0.939111 (rel: 2.18e-05) 0.354303
20/05/02 22:56:43 INFO LBFGS: Step Size: 1.000
20/05/02 22:56:43 INFO LBFGS: Val and Grad Norm: 0.939055 (rel: 5.94e-05) 1.16873
20/05/02 22:56:43 INFO LBFGS: Step Size: 1.000
20/05/02 22:56:43 INFO LBFGS: Val and Grad Norm: 0.938988 (rel: 7.20e-05) 0.994051
20/05/02 22:56:43 INFO LBFGS: Step Size: 1.000
20/05/02 22:56:43 INFO LBFGS: Val and Grad Norm: 0.938904 (rel: 8.92e-05) 0.710100
20/05/02 22:56:43 INFO StrongWolfeLineSearch: Line search t: 0.4697888324874888 fval: 0.9388552910549555 rhs: 0.9389038275193712 cdd: 5.243805940684243E-10
20/05/02 22:56:43 INFO LBFGS: Step Size: 0.4698
20/05/02 22:56:43 INFO LBFGS: Val and Grad Norm: 0.938855 (rel: 5.17e-05) 1.35290
20/05/02 22:56:43 INFO StrongWolfeLineSearch: Line search t: 0.4412540729633153 fval: 0.9388255496881065 rhs: 0.9388552851096389 cdd: -1.5236628495354787E-10
20/05/02 22:56:43 INFO LBFGS: Step Size: 0.4413
20/05/02 22:56:43 INFO LBFGS: Val and Grad Norm: 0.938826 (rel: 3.17e-05) 0.397109
20/05/02 22:56:43 INFO LBFGS: Step Size: 1.000
20/05/02 22:56:43 INFO LBFGS: Val and Grad Norm: 0.938818 (rel: 7.65e-06) 0.264732
20/05/02 22:56:43 INFO LBFGS: Step Size: 1.000
20/05/02 22:56:43 INFO LBFGS: Val and Grad Norm: 0.938811 (rel: 7.34e-06) 0.454535
20/05/02 22:56:43 INFO StrongWolfeLineSearch: Line search t: 0.27406014536015344 fval: 0.9388078316230706 rhs: 0.9388114753150227 cdd: 4.1187746811256754E-10
20/05/02 22:56:43 INFO LBFGS: Step Size: 0.2741
20/05/02 22:56:43 INFO LBFGS: Val and Grad Norm: 0.938808 (rel: 3.88e-06) 0.344108
20/05/02 22:56:43 INFO LBFGS: Step Size: 1.000
20/05/02 22:56:43 INFO LBFGS: Val and Grad Norm: 0.938803 (rel: 4.85e-06) 0.323018
20/05/02 22:56:43 INFO LBFGS: Step Size: 1.000
20/05/02 22:56:43 INFO LBFGS: Val and Grad Norm: 0.938749 (rel: 5.73e-05) 0.242510
20/05/02 22:56:43 INFO LBFGS: Step Size: 1.000
20/05/02 22:56:43 INFO LBFGS: Val and Grad Norm: 0.938721 (rel: 3.05e-05) 0.156189
20/05/02 22:56:43 INFO StrongWolfeLineSearch: Line search t: 0.13178729412541135 fval: 0.9387188868026346 rhs: 0.9387208513478136 cdd: 1.1383013943081942E-8
20/05/02 22:56:43 INFO LBFGS: Step Size: 0.1318
20/05/02 22:56:43 INFO LBFGS: Val and Grad Norm: 0.938719 (rel: 2.09e-06) 0.277039
20/05/02 22:56:43 INFO LBFGS: Step Size: 1.000
20/05/02 22:56:43 INFO LBFGS: Val and Grad Norm: 0.938714 (rel: 4.96e-06) 0.116600
20/05/02 22:56:43 INFO LBFGS: Step Size: 1.000
20/05/02 22:56:43 INFO LBFGS: Val and Grad Norm: 0.938712 (rel: 2.59e-06) 0.116021
20/05/02 22:56:44 INFO LBFGS: Step Size: 1.000
20/05/02 22:56:44 INFO LBFGS: Val and Grad Norm: 0.938705 (rel: 7.06e-06) 0.302762
20/05/02 22:56:44 INFO LBFGS: Step Size: 1.000
20/05/02 22:56:44 INFO LBFGS: Val and Grad Norm: 0.938694 (rel: 1.24e-05) 0.570832
20/05/02 22:56:44 INFO LBFGS: Step Size: 1.000
20/05/02 22:56:44 INFO LBFGS: Val and Grad Norm: 0.938664 (rel: 3.19e-05) 0.873872
20/05/02 22:56:44 INFO LBFGS: Step Size: 1.000
20/05/02 22:56:44 INFO LBFGS: Val and Grad Norm: 0.938646 (rel: 1.90e-05) 3.28202
20/05/02 22:56:44 INFO LBFGS: Step Size: 1.000
20/05/02 22:56:44 INFO LBFGS: Val and Grad Norm: 0.938556 (rel: 9.51e-05) 1.30074
20/05/02 22:56:44 INFO LBFGS: Step Size: 1.000
20/05/02 22:56:44 INFO LBFGS: Val and Grad Norm: 0.938430 (rel: 0.000135) 1.61426
20/05/02 22:56:44 INFO LBFGS: Step Size: 1.000
20/05/02 22:56:44 INFO LBFGS: Val and Grad Norm: 0.938226 (rel: 0.000217) 3.42604
20/05/02 22:56:44 INFO LBFGS: Step Size: 1.000
20/05/02 22:56:44 INFO LBFGS: Val and Grad Norm: 0.937974 (rel: 0.000269) 3.86351
20/05/02 22:56:44 INFO StrongWolfeLineSearch: Line search t: 0.42971302703772296 fval: 0.9376771148426885 rhs: 0.9379740428208285 cdd: -1.4278911978152231E-8
20/05/02 22:56:44 INFO LBFGS: Step Size: 0.4297
20/05/02 22:56:44 INFO LBFGS: Val and Grad Norm: 0.937677 (rel: 0.000317) 7.40708
20/05/02 22:56:44 INFO LBFGS: Step Size: 1.000
20/05/02 22:56:44 INFO LBFGS: Val and Grad Norm: 0.937218 (rel: 0.000490) 3.53470
20/05/02 22:56:44 INFO LBFGS: Step Size: 1.000
20/05/02 22:56:44 INFO LBFGS: Val and Grad Norm: 0.937024 (rel: 0.000207) 0.985009
20/05/02 22:56:44 INFO LBFGS: Step Size: 1.000
20/05/02 22:56:44 INFO LBFGS: Val and Grad Norm: 0.936918 (rel: 0.000114) 2.45065
20/05/02 22:56:44 INFO LBFGS: Step Size: 1.000
20/05/02 22:56:44 INFO LBFGS: Val and Grad Norm: 0.936846 (rel: 7.65e-05) 3.09070
20/05/02 22:56:44 INFO LBFGS: Step Size: 1.000
20/05/02 22:56:44 INFO LBFGS: Val and Grad Norm: 0.936593 (rel: 0.000271) 3.92144
20/05/02 22:56:44 INFO LBFGS: Step Size: 1.000
20/05/02 22:56:44 INFO LBFGS: Val and Grad Norm: 0.936045 (rel: 0.000585) 4.43666
20/05/02 22:56:44 INFO LBFGS: Step Size: 1.000
20/05/02 22:56:44 INFO LBFGS: Val and Grad Norm: 0.935523 (rel: 0.000558) 2.63811
20/05/02 22:56:44 INFO LBFGS: Step Size: 1.000
20/05/02 22:56:44 INFO LBFGS: Val and Grad Norm: 0.934576 (rel: 0.00101) 0.644137
20/05/02 22:56:44 INFO LBFGS: Step Size: 1.000
20/05/02 22:56:44 INFO LBFGS: Val and Grad Norm: 0.934258 (rel: 0.000341) 1.42856
20/05/02 22:56:44 INFO LBFGS: Step Size: 1.000
20/05/02 22:56:44 INFO LBFGS: Val and Grad Norm: 0.933944 (rel: 0.000336) 3.46127
20/05/02 22:56:44 INFO LBFGS: Step Size: 1.000
20/05/02 22:56:44 INFO LBFGS: Val and Grad Norm: 0.933867 (rel: 8.22e-05) 2.15367
20/05/02 22:56:44 INFO LBFGS: Step Size: 1.000
20/05/02 22:56:44 INFO LBFGS: Val and Grad Norm: 0.933768 (rel: 0.000106) 1.56524
20/05/02 22:56:44 INFO LBFGS: Step Size: 1.000
20/05/02 22:56:44 INFO LBFGS: Val and Grad Norm: 0.933711 (rel: 6.07e-05) 1.18771
20/05/02 22:56:44 INFO LBFGS: Step Size: 1.000
20/05/02 22:56:44 INFO LBFGS: Val and Grad Norm: 0.933689 (rel: 2.45e-05) 0.450705
20/05/02 22:56:44 INFO LBFGS: Step Size: 1.000
20/05/02 22:56:44 INFO LBFGS: Val and Grad Norm: 0.933682 (rel: 7.14e-06) 0.272173
20/05/02 22:56:44 INFO LBFGS: Step Size: 1.000
20/05/02 22:56:44 INFO LBFGS: Val and Grad Norm: 0.933678 (rel: 4.02e-06) 0.168027
20/05/02 22:56:44 INFO LBFGS: Step Size: 1.000
20/05/02 22:56:44 INFO LBFGS: Val and Grad Norm: 0.933676 (rel: 2.07e-06) 0.132674
20/05/02 22:56:44 INFO LBFGS: Step Size: 1.000
20/05/02 22:56:44 INFO LBFGS: Val and Grad Norm: 0.933673 (rel: 3.32e-06) 0.172725
20/05/02 22:56:44 INFO LBFGS: Step Size: 1.000
20/05/02 22:56:44 INFO LBFGS: Val and Grad Norm: 0.933667 (rel: 7.12e-06) 0.254495
20/05/02 22:56:44 INFO LBFGS: Step Size: 1.000
20/05/02 22:56:44 INFO LBFGS: Val and Grad Norm: 0.933655 (rel: 1.18e-05) 0.338075
20/05/02 22:56:44 INFO LBFGS: Step Size: 1.000
20/05/02 22:56:44 INFO LBFGS: Val and Grad Norm: 0.933618 (rel: 4.01e-05) 0.603063
20/05/02 22:56:44 INFO LBFGS: Step Size: 1.000
20/05/02 22:56:44 INFO LBFGS: Val and Grad Norm: 0.933552 (rel: 7.10e-05) 0.756437
20/05/02 22:56:44 INFO LBFGS: Step Size: 1.000
20/05/02 22:56:44 INFO LBFGS: Val and Grad Norm: 0.933428 (rel: 0.000133) 1.32625
20/05/02 22:56:44 INFO LBFGS: Step Size: 1.000
20/05/02 22:56:44 INFO LBFGS: Val and Grad Norm: 0.933278 (rel: 0.000160) 2.39019
20/05/02 22:56:44 INFO LBFGS: Step Size: 1.000
20/05/02 22:56:44 INFO LBFGS: Val and Grad Norm: 0.933137 (rel: 0.000151) 1.49233
20/05/02 22:56:44 INFO LBFGS: Step Size: 1.000
20/05/02 22:56:44 INFO LBFGS: Val and Grad Norm: 0.933027 (rel: 0.000118) 0.706947
20/05/02 22:56:44 INFO LBFGS: Step Size: 1.000
20/05/02 22:56:44 INFO LBFGS: Val and Grad Norm: 0.932989 (rel: 4.13e-05) 0.408522
20/05/02 22:56:44 INFO LBFGS: Step Size: 1.000
20/05/02 22:56:44 INFO LBFGS: Val and Grad Norm: 0.932962 (rel: 2.81e-05) 0.458832
20/05/02 22:56:44 INFO LBFGS: Step Size: 1.000
20/05/02 22:56:44 INFO LBFGS: Val and Grad Norm: 0.932920 (rel: 4.59e-05) 0.548895
20/05/02 22:56:45 INFO LBFGS: Step Size: 1.000
20/05/02 22:56:45 INFO LBFGS: Val and Grad Norm: 0.932892 (rel: 2.93e-05) 1.62855
20/05/02 22:56:45 INFO LBFGS: Step Size: 1.000
20/05/02 22:56:45 INFO LBFGS: Val and Grad Norm: 0.932858 (rel: 3.67e-05) 0.553852
20/05/02 22:56:45 INFO LBFGS: Step Size: 1.000
20/05/02 22:56:45 INFO LBFGS: Val and Grad Norm: 0.932841 (rel: 1.82e-05) 0.325497
20/05/02 22:56:45 INFO LBFGS: Step Size: 1.000
20/05/02 22:56:45 INFO LBFGS: Val and Grad Norm: 0.932836 (rel: 5.94e-06) 0.372630
20/05/02 22:56:45 INFO LBFGS: Step Size: 1.000
20/05/02 22:56:45 INFO LBFGS: Val and Grad Norm: 0.932826 (rel: 9.83e-06) 0.150611
20/05/02 22:56:45 INFO LBFGS: Step Size: 1.000
20/05/02 22:56:45 INFO LBFGS: Val and Grad Norm: 0.932825 (rel: 1.54e-06) 0.294115
20/05/02 22:56:45 INFO StrongWolfeLineSearch: Line search t: 0.3276599839581077 fval: 0.9328243171270824 rhs: 0.9328249395232899 cdd: -3.329900137365952E-13
20/05/02 22:56:45 INFO LBFGS: Step Size: 0.3277
20/05/02 22:56:45 INFO LBFGS: Val and Grad Norm: 0.932824 (rel: 6.67e-07) 0.0992620
20/05/02 22:56:45 INFO LBFGS: Step Size: 1.000
20/05/02 22:56:45 INFO LBFGS: Val and Grad Norm: 0.932824 (rel: 3.13e-07) 0.0683462
20/05/02 22:56:45 INFO LBFGS: Step Size: 1.000
20/05/02 22:56:45 INFO LBFGS: Val and Grad Norm: 0.932823 (rel: 6.13e-07) 0.0568440
20/05/02 22:56:45 INFO LBFGS: Step Size: 1.000
20/05/02 22:56:45 INFO LBFGS: Val and Grad Norm: 0.932819 (rel: 4.81e-06) 0.128281
20/05/02 22:56:45 INFO LBFGS: Step Size: 1.000
20/05/02 22:56:45 INFO LBFGS: Val and Grad Norm: 0.932814 (rel: 5.07e-06) 0.202851
20/05/02 22:56:45 INFO LBFGS: Step Size: 1.000
20/05/02 22:56:45 INFO LBFGS: Val and Grad Norm: 0.932808 (rel: 6.70e-06) 0.159432
20/05/02 22:56:45 INFO StrongWolfeLineSearch: Line search t: 0.4130664186361628 fval: 0.932806077050338 rhs: 0.9328079926408568 cdd: -9.775846548010138E-13
20/05/02 22:56:45 INFO LBFGS: Step Size: 0.4131
20/05/02 22:56:45 INFO LBFGS: Val and Grad Norm: 0.932806 (rel: 2.05e-06) 0.306966
20/05/02 22:56:45 INFO LBFGS: Step Size: 1.000
20/05/02 22:56:45 INFO LBFGS: Val and Grad Norm: 0.932804 (rel: 2.60e-06) 0.126466
20/05/02 22:56:45 INFO LBFGS: Step Size: 1.000
20/05/02 22:56:45 INFO LBFGS: Val and Grad Norm: 0.932802 (rel: 1.38e-06) 0.0803333
20/05/02 22:56:45 INFO LBFGS: Step Size: 1.000
20/05/02 22:56:45 INFO LBFGS: Val and Grad Norm: 0.932802 (rel: 7.75e-07) 0.114227
20/05/02 22:56:45 INFO LBFGS: Step Size: 1.000
20/05/02 22:56:45 INFO LBFGS: Val and Grad Norm: 0.932800 (rel: 2.26e-06) 0.109641
20/05/02 22:56:45 INFO StrongWolfeLineSearch: Line search t: 0.1 fval: 0.9327993906511338 rhs: 0.9327995293924081 cdd: 2.8662751291417042E-6
20/05/02 22:56:45 INFO LBFGS: Step Size: 0.1000
20/05/02 22:56:45 INFO LBFGS: Val and Grad Norm: 0.932799 (rel: 1.49e-07) 0.299444
20/05/02 22:56:45 INFO LBFGS: Step Size: 1.000
20/05/02 22:56:45 INFO LBFGS: Val and Grad Norm: 0.932798 (rel: 9.99e-07) 0.139279
20/05/02 22:56:45 INFO LBFGS: Step Size: 1.000
20/05/02 22:56:45 INFO LBFGS: Val and Grad Norm: 0.932798 (rel: 7.01e-07) 0.0473708
20/05/02 22:56:45 INFO LBFGS: Step Size: 1.000
20/05/02 22:56:45 INFO LBFGS: Val and Grad Norm: 0.932798 (rel: 2.84e-07) 0.0505234
20/05/02 22:56:45 INFO LBFGS: Step Size: 1.000
20/05/02 22:56:45 INFO LBFGS: Val and Grad Norm: 0.932797 (rel: 4.21e-07) 0.0378539
20/05/02 22:56:45 INFO LBFGS: Step Size: 1.000
20/05/02 22:56:45 INFO LBFGS: Val and Grad Norm: 0.932796 (rel: 7.12e-07) 0.0825377
20/05/02 22:56:45 INFO LBFGS: Step Size: 1.000
20/05/02 22:56:45 INFO LBFGS: Val and Grad Norm: 0.932795 (rel: 1.13e-06) 0.163889
20/05/02 22:56:45 INFO LBFGS: Step Size: 1.000
20/05/02 22:56:45 INFO LBFGS: Val and Grad Norm: 0.932794 (rel: 1.80e-06) 0.111504
20/05/02 22:56:45 INFO LBFGS: Step Size: 1.000
20/05/02 22:56:45 INFO LBFGS: Val and Grad Norm: 0.932791 (rel: 3.13e-06) 0.119533
20/05/02 22:56:45 INFO LBFGS: Step Size: 1.000
20/05/02 22:56:45 INFO LBFGS: Val and Grad Norm: 0.932786 (rel: 5.14e-06) 0.209671
20/05/02 22:56:45 INFO LBFGS: Step Size: 1.000
20/05/02 22:56:45 INFO LBFGS: Val and Grad Norm: 0.932774 (rel: 1.27e-05) 0.386809
20/05/02 22:56:45 INFO LBFGS: Step Size: 1.000
20/05/02 22:56:45 INFO LBFGS: Val and Grad Norm: 0.932757 (rel: 1.86e-05) 0.442245
20/05/02 22:56:45 INFO LBFGS: Step Size: 1.000
20/05/02 22:56:45 INFO LBFGS: Val and Grad Norm: 0.932740 (rel: 1.81e-05) 1.83011
20/05/02 22:56:45 INFO LBFGS: Step Size: 1.000
20/05/02 22:56:45 INFO LBFGS: Val and Grad Norm: 0.932704 (rel: 3.81e-05) 0.783725
20/05/02 22:56:45 INFO LBFGS: Step Size: 1.000
20/05/02 22:56:45 INFO LBFGS: Val and Grad Norm: 0.932662 (rel: 4.58e-05) 0.526341
20/05/02 22:56:45 INFO LBFGS: Step Size: 1.000
20/05/02 22:56:45 INFO LBFGS: Val and Grad Norm: 0.932641 (rel: 2.27e-05) 0.518971
20/05/02 22:56:45 INFO LBFGS: Step Size: 1.000
20/05/02 22:56:45 INFO LBFGS: Val and Grad Norm: 0.932611 (rel: 3.21e-05) 0.930392
20/05/02 22:56:45 INFO LBFGS: Step Size: 1.000
20/05/02 22:56:45 INFO LBFGS: Val and Grad Norm: 0.932592 (rel: 1.95e-05) 1.07382
20/05/02 22:56:46 INFO LBFGS: Step Size: 1.000
20/05/02 22:56:46 INFO LBFGS: Val and Grad Norm: 0.932577 (rel: 1.68e-05) 0.482252
20/05/02 22:56:46 INFO LBFGS: Step Size: 1.000
20/05/02 22:56:46 INFO LBFGS: Val and Grad Norm: 0.932562 (rel: 1.62e-05) 0.176801
20/05/02 22:56:46 INFO LBFGS: Step Size: 1.000
20/05/02 22:56:46 INFO LBFGS: Val and Grad Norm: 0.932533 (rel: 3.04e-05) 0.565876
20/05/02 22:56:46 INFO LBFGS: Step Size: 1.000
20/05/02 22:56:46 INFO LBFGS: Val and Grad Norm: 0.932507 (rel: 2.83e-05) 0.714876
20/05/02 22:56:46 INFO LBFGS: Step Size: 1.000
20/05/02 22:56:46 INFO LBFGS: Val and Grad Norm: 0.932483 (rel: 2.59e-05) 1.10146
20/05/02 22:56:46 INFO LBFGS: Step Size: 1.000
20/05/02 22:56:46 INFO LBFGS: Val and Grad Norm: 0.932464 (rel: 2.00e-05) 0.221700
20/05/02 22:56:46 INFO LBFGS: Step Size: 1.000
20/05/02 22:56:46 INFO LBFGS: Val and Grad Norm: 0.932455 (rel: 1.02e-05) 0.359375
20/05/02 22:56:46 INFO LBFGS: Step Size: 1.000
20/05/02 22:56:46 INFO LBFGS: Val and Grad Norm: 0.932443 (rel: 1.24e-05) 1.12200
20/05/02 22:56:46 INFO LBFGS: Step Size: 1.000
20/05/02 22:56:46 INFO LBFGS: Val and Grad Norm: 0.932432 (rel: 1.17e-05) 0.997256
20/05/02 22:56:46 INFO LBFGS: Step Size: 1.000
20/05/02 22:56:46 INFO LBFGS: Val and Grad Norm: 0.932407 (rel: 2.70e-05) 0.745655
20/05/02 22:56:46 INFO LBFGS: Step Size: 1.000
20/05/02 22:56:46 INFO LBFGS: Val and Grad Norm: 0.932384 (rel: 2.45e-05) 0.528816
20/05/02 22:56:46 INFO LBFGS: Step Size: 1.000
20/05/02 22:56:46 INFO LBFGS: Val and Grad Norm: 0.932373 (rel: 1.21e-05) 0.233069
20/05/02 22:56:46 INFO LBFGS: Step Size: 1.000
20/05/02 22:56:46 INFO LBFGS: Val and Grad Norm: 0.932365 (rel: 8.40e-06) 0.226404
20/05/02 22:56:46 INFO LBFGS: Step Size: 1.000
20/05/02 22:56:46 INFO LBFGS: Val and Grad Norm: 0.932352 (rel: 1.42e-05) 0.548999
20/05/02 22:56:46 INFO LBFGS: Step Size: 1.000
20/05/02 22:56:46 INFO LBFGS: Val and Grad Norm: 0.932327 (rel: 2.65e-05) 0.627316
20/05/02 22:56:46 INFO LBFGS: Step Size: 1.000
20/05/02 22:56:46 INFO LBFGS: Val and Grad Norm: 0.932284 (rel: 4.58e-05) 0.979908
20/05/02 22:56:46 INFO StrongWolfeLineSearch: Line search t: 0.511132988329857 fval: 0.9322320534790896 rhs: 0.9322843732762329 cdd: 1.5843154858776604E-11
20/05/02 22:56:46 INFO LBFGS: Step Size: 0.5111
20/05/02 22:56:46 INFO LBFGS: Val and Grad Norm: 0.932232 (rel: 5.61e-05) 2.46637
20/05/02 22:56:46 INFO LBFGS: Step Size: 1.000
20/05/02 22:56:46 INFO LBFGS: Val and Grad Norm: 0.932111 (rel: 0.000130) 2.44160
20/05/02 22:56:46 INFO LBFGS: Step Size: 1.000
20/05/02 22:56:46 INFO LBFGS: Val and Grad Norm: 0.930952 (rel: 0.00124) 3.92395
20/05/02 22:56:46 INFO LBFGS: Step Size: 1.000
20/05/02 22:56:46 INFO LBFGS: Val and Grad Norm: 0.930172 (rel: 0.000837) 2.70484
20/05/02 22:56:46 INFO LBFGS: Step Size: 1.000
20/05/02 22:56:46 INFO LBFGS: Val and Grad Norm: 0.929605 (rel: 0.000610) 1.02138
20/05/02 22:56:46 INFO LBFGS: Step Size: 1.000
20/05/02 22:56:46 INFO LBFGS: Val and Grad Norm: 0.929478 (rel: 0.000137) 1.64027
20/05/02 22:56:46 INFO LBFGS: Step Size: 1.000
20/05/02 22:56:46 INFO LBFGS: Val and Grad Norm: 0.929422 (rel: 6.01e-05) 0.844009
20/05/02 22:56:46 INFO LBFGS: Step Size: 1.000
20/05/02 22:56:46 INFO LBFGS: Val and Grad Norm: 0.929402 (rel: 2.12e-05) 0.196190
20/05/02 22:56:46 INFO LBFGS: Step Size: 1.000
20/05/02 22:56:46 INFO LBFGS: Val and Grad Norm: 0.929400 (rel: 2.61e-06) 0.116718
20/05/02 22:56:46 INFO LBFGS: Step Size: 1.000
20/05/02 22:56:46 INFO LBFGS: Val and Grad Norm: 0.929398 (rel: 1.36e-06) 0.0598427
20/05/02 22:56:46 INFO LBFGS: Step Size: 1.000
20/05/02 22:56:46 INFO LBFGS: Val and Grad Norm: 0.929397 (rel: 1.13e-06) 0.0614005
20/05/02 22:56:46 INFO StrongWolfeLineSearch: Line search t: 0.1775881263073712 fval: 0.9293971842976749 rhs: 0.9293973577982564 cdd: 3.496882670987701E-13
20/05/02 22:56:46 INFO LBFGS: Step Size: 0.1776
20/05/02 22:56:46 INFO LBFGS: Val and Grad Norm: 0.929397 (rel: 1.87e-07) 0.131131
20/05/02 22:56:46 INFO LBFGS: Step Size: 1.000
20/05/02 22:56:46 INFO LBFGS: Val and Grad Norm: 0.929396 (rel: 8.64e-07) 0.0942633
20/05/02 22:56:46 INFO LBFGS: Step Size: 1.000
20/05/02 22:56:46 INFO LBFGS: Val and Grad Norm: 0.929395 (rel: 1.20e-06) 0.136813
20/05/02 22:56:46 INFO LBFGS: Step Size: 1.000
20/05/02 22:56:46 INFO LBFGS: Val and Grad Norm: 0.929394 (rel: 1.19e-06) 0.0615279
20/05/02 22:56:46 INFO LBFGS: Step Size: 1.000
20/05/02 22:56:46 INFO LBFGS: Val and Grad Norm: 0.929394 (rel: 6.35e-07) 0.0548347
20/05/02 22:56:46 INFO LBFGS: Step Size: 1.000
20/05/02 22:56:46 INFO LBFGS: Val and Grad Norm: 0.929393 (rel: 6.30e-07) 0.0582886
20/05/02 22:56:46 INFO LBFGS: Step Size: 1.000
20/05/02 22:56:46 INFO LBFGS: Val and Grad Norm: 0.929392 (rel: 1.06e-06) 0.128792
20/05/02 22:56:46 INFO LBFGS: Step Size: 1.000
20/05/02 22:56:46 INFO LBFGS: Val and Grad Norm: 0.929390 (rel: 2.08e-06) 0.102556
20/05/02 22:56:46 INFO LBFGS: Step Size: 1.000
20/05/02 22:56:46 INFO LBFGS: Val and Grad Norm: 0.929387 (rel: 2.92e-06) 0.342958
20/05/02 22:56:46 INFO LBFGS: Step Size: 1.000
20/05/02 22:56:46 INFO LBFGS: Val and Grad Norm: 0.929384 (rel: 3.26e-06) 0.186876
20/05/02 22:56:46 INFO LBFGS: Step Size: 1.000
20/05/02 22:56:46 INFO LBFGS: Val and Grad Norm: 0.929382 (rel: 2.51e-06) 0.0574497
20/05/02 22:56:46 INFO LBFGS: Step Size: 1.000
20/05/02 22:56:46 INFO LBFGS: Val and Grad Norm: 0.929381 (rel: 5.66e-07) 0.0582149
20/05/02 22:56:47 INFO LBFGS: Step Size: 1.000
20/05/02 22:56:47 INFO LBFGS: Val and Grad Norm: 0.929381 (rel: 6.33e-07) 0.318486
20/05/02 22:56:47 INFO LBFGS: Step Size: 1.000
20/05/02 22:56:47 INFO LBFGS: Val and Grad Norm: 0.929380 (rel: 1.24e-06) 0.140726
20/05/02 22:56:47 INFO LBFGS: Step Size: 1.000
20/05/02 22:56:47 INFO LBFGS: Val and Grad Norm: 0.929379 (rel: 4.23e-07) 0.101047
20/05/02 22:56:47 INFO LBFGS: Step Size: 1.000
20/05/02 22:56:47 INFO LBFGS: Val and Grad Norm: 0.929378 (rel: 1.39e-06) 0.0899190
20/05/02 22:56:47 INFO LBFGS: Step Size: 1.000
20/05/02 22:56:47 INFO LBFGS: Val and Grad Norm: 0.929376 (rel: 2.32e-06) 0.164998
20/05/02 22:56:47 INFO LBFGS: Step Size: 1.000
20/05/02 22:56:47 INFO LBFGS: Val and Grad Norm: 0.929372 (rel: 3.70e-06) 0.198185
20/05/02 22:56:47 INFO StrongWolfeLineSearch: Line search t: 0.39503942774595335 fval: 0.9293698963859461 rhs: 0.9293724268005981 cdd: 1.84942173236263E-11
20/05/02 22:56:47 INFO LBFGS: Step Size: 0.3950
20/05/02 22:56:47 INFO LBFGS: Val and Grad Norm: 0.929370 (rel: 2.72e-06) 0.331827
20/05/02 22:56:47 INFO LBFGS: Step Size: 1.000
20/05/02 22:56:47 INFO LBFGS: Val and Grad Norm: 0.929363 (rel: 6.91e-06) 0.230218
20/05/02 22:56:47 INFO LBFGS: Step Size: 1.000
20/05/02 22:56:47 INFO LBFGS: Val and Grad Norm: 0.929358 (rel: 6.12e-06) 0.539873
20/05/02 22:56:47 INFO LBFGS: Step Size: 1.000
20/05/02 22:56:47 INFO LBFGS: Val and Grad Norm: 0.929348 (rel: 1.02e-05) 0.327338
20/05/02 22:56:47 INFO LBFGS: Step Size: 1.000
20/05/02 22:56:47 INFO LBFGS: Val and Grad Norm: 0.929337 (rel: 1.23e-05) 0.464507
20/05/02 22:56:47 INFO LBFGS: Step Size: 1.000
20/05/02 22:56:47 INFO LBFGS: Val and Grad Norm: 0.929318 (rel: 2.03e-05) 0.610227
20/05/02 22:56:47 INFO LBFGS: Step Size: 1.000
20/05/02 22:56:47 INFO LBFGS: Val and Grad Norm: 0.929308 (rel: 1.03e-05) 1.12779
20/05/02 22:56:47 INFO LBFGS: Step Size: 1.000
20/05/02 22:56:47 INFO LBFGS: Val and Grad Norm: 0.929294 (rel: 1.53e-05) 0.450163
20/05/02 22:56:47 INFO LBFGS: Step Size: 1.000
20/05/02 22:56:47 INFO LBFGS: Val and Grad Norm: 0.929290 (rel: 4.44e-06) 0.312992
20/05/02 22:56:47 INFO LBFGS: Step Size: 1.000
20/05/02 22:56:47 INFO LBFGS: Val and Grad Norm: 0.929286 (rel: 4.43e-06) 0.200485
20/05/02 22:56:47 INFO LBFGS: Step Size: 1.000
20/05/02 22:56:47 INFO LBFGS: Val and Grad Norm: 0.929281 (rel: 4.86e-06) 0.286026
20/05/02 22:56:47 INFO LBFGS: Step Size: 1.000
20/05/02 22:56:47 INFO LBFGS: Val and Grad Norm: 0.929274 (rel: 7.64e-06) 0.483285
20/05/02 22:56:47 INFO LBFGS: Step Size: 1.000
20/05/02 22:56:47 INFO LBFGS: Val and Grad Norm: 0.929262 (rel: 1.32e-05) 0.685576
20/05/02 22:56:47 INFO LBFGS: Step Size: 1.000
20/05/02 22:56:47 INFO LBFGS: Val and Grad Norm: 0.929236 (rel: 2.83e-05) 0.885121
20/05/02 22:56:47 INFO StrongWolfeLineSearch: Line search t: 0.4076997678561902 fval: 0.9292195163997463 rhs: 0.9292358250541194 cdd: 9.66758974388143E-10
20/05/02 22:56:47 INFO LBFGS: Step Size: 0.4077
20/05/02 22:56:47 INFO LBFGS: Val and Grad Norm: 0.929220 (rel: 1.76e-05) 1.10262
20/05/02 22:56:47 INFO LBFGS: Step Size: 1.000
20/05/02 22:56:47 INFO LBFGS: Val and Grad Norm: 0.929190 (rel: 3.20e-05) 0.637750
20/05/02 22:56:47 INFO LBFGS: Step Size: 1.000
20/05/02 22:56:47 INFO LBFGS: Val and Grad Norm: 0.929177 (rel: 1.41e-05) 0.464179
20/05/02 22:56:47 INFO LBFGS: Step Size: 1.000
20/05/02 22:56:47 INFO LBFGS: Val and Grad Norm: 0.929171 (rel: 6.59e-06) 0.169192
20/05/02 22:56:47 INFO LBFGS: Step Size: 1.000
20/05/02 22:56:47 INFO LBFGS: Val and Grad Norm: 0.929168 (rel: 2.33e-06) 0.205462
20/05/02 22:56:47 INFO StrongWolfeLineSearch: Line search t: 0.23286790460174334 fval: 0.9291664567705289 rhs: 0.929168414111601 cdd: -3.724173417670232E-11
20/05/02 22:56:47 INFO LBFGS: Step Size: 0.2329
20/05/02 22:56:47 INFO LBFGS: Val and Grad Norm: 0.929166 (rel: 2.11e-06) 0.586112
20/05/02 22:56:47 INFO LBFGS: Step Size: 1.000
20/05/02 22:56:47 INFO LBFGS: Val and Grad Norm: 0.929161 (rel: 5.56e-06) 0.463250
20/05/02 22:56:47 INFO LBFGS: Step Size: 1.000
20/05/02 22:56:47 INFO LBFGS: Val and Grad Norm: 0.929153 (rel: 8.42e-06) 0.348932
20/05/02 22:56:47 INFO LBFGS: Step Size: 1.000
20/05/02 22:56:47 INFO LBFGS: Val and Grad Norm: 0.929146 (rel: 7.65e-06) 0.322911
20/05/02 22:56:47 INFO LBFGS: Step Size: 1.000
20/05/02 22:56:47 INFO LBFGS: Val and Grad Norm: 0.929132 (rel: 1.51e-05) 0.397234
20/05/02 22:56:47 INFO LBFGS: Step Size: 1.000
20/05/02 22:56:47 INFO LBFGS: Val and Grad Norm: 0.929092 (rel: 4.32e-05) 0.695934
20/05/02 22:56:47 INFO LBFGS: Step Size: 1.000
20/05/02 22:56:47 INFO LBFGS: Val and Grad Norm: 0.928996 (rel: 0.000104) 1.18940
20/05/02 22:56:47 INFO LBFGS: Step Size: 1.000
20/05/02 22:56:47 INFO LBFGS: Val and Grad Norm: 0.928787 (rel: 0.000225) 1.91143
20/05/02 22:56:47 INFO LBFGS: Step Size: 1.000
20/05/02 22:56:47 INFO LBFGS: Val and Grad Norm: 0.928496 (rel: 0.000313) 2.11926
20/05/02 22:56:47 INFO StrongWolfeLineSearch: Line search t: 0.3274586966533555 fval: 0.9283526180019877 rhs: 0.928496365237744 cdd: 1.4897405775779124E-8
20/05/02 22:56:47 INFO LBFGS: Step Size: 0.3275
20/05/02 22:56:47 INFO LBFGS: Val and Grad Norm: 0.928353 (rel: 0.000155) 2.91293
20/05/02 22:56:47 INFO LBFGS: Step Size: 1.000
20/05/02 22:56:47 INFO LBFGS: Val and Grad Norm: 0.928155 (rel: 0.000213) 1.71378
20/05/02 22:56:47 INFO LBFGS: Step Size: 1.000
20/05/02 22:56:47 INFO LBFGS: Val and Grad Norm: 0.928052 (rel: 0.000111) 1.00667
20/05/02 22:56:48 INFO StrongWolfeLineSearch: Line search t: 0.33840064317343055 fval: 0.9280444275121504 rhs: 0.9280523447281297 cdd: -1.1981517156122389E-11
20/05/02 22:56:48 INFO LBFGS: Step Size: 0.3384
20/05/02 22:56:48 INFO LBFGS: Val and Grad Norm: 0.928044 (rel: 8.53e-06) 0.232031
20/05/02 22:56:48 INFO LBFGS: Step Size: 1.000
20/05/02 22:56:48 INFO LBFGS: Val and Grad Norm: 0.928043 (rel: 1.87e-06) 0.224587
20/05/02 22:56:48 INFO LBFGS: Step Size: 1.000
20/05/02 22:56:48 INFO LBFGS: Val and Grad Norm: 0.928036 (rel: 7.29e-06) 0.218446
20/05/02 22:56:48 INFO LBFGS: Step Size: 1.000
20/05/02 22:56:48 INFO LBFGS: Val and Grad Norm: 0.928026 (rel: 1.02e-05) 0.235826
20/05/02 22:56:48 INFO LBFGS: Step Size: 1.000
20/05/02 22:56:48 INFO LBFGS: Val and Grad Norm: 0.928017 (rel: 9.79e-06) 0.267968
20/05/02 22:56:48 INFO LBFGS: Step Size: 1.000
20/05/02 22:56:48 INFO LBFGS: Val and Grad Norm: 0.927998 (rel: 2.12e-05) 0.332177
20/05/02 22:56:48 INFO LBFGS: Step Size: 1.000
20/05/02 22:56:48 INFO LBFGS: Val and Grad Norm: 0.927950 (rel: 5.13e-05) 0.566302
20/05/02 22:56:48 INFO LBFGS: Step Size: 1.000
20/05/02 22:56:48 INFO LBFGS: Val and Grad Norm: 0.927895 (rel: 5.91e-05) 0.946062
20/05/02 22:56:48 INFO LBFGS: Step Size: 1.000
20/05/02 22:56:48 INFO LBFGS: Val and Grad Norm: 0.927870 (rel: 2.76e-05) 1.42481
20/05/02 22:56:48 INFO LBFGS: Step Size: 1.000
20/05/02 22:56:48 INFO LBFGS: Val and Grad Norm: 0.927823 (rel: 5.05e-05) 0.500273
20/05/02 22:56:48 INFO LBFGS: Step Size: 1.000
20/05/02 22:56:48 INFO LBFGS: Val and Grad Norm: 0.927802 (rel: 2.23e-05) 0.157014
20/05/02 22:56:48 INFO LBFGS: Step Size: 1.000
20/05/02 22:56:48 INFO LBFGS: Val and Grad Norm: 0.927800 (rel: 2.24e-06) 0.111798
20/05/02 22:56:48 INFO StrongWolfeLineSearch: Line search t: 0.1 fval: 0.9277999681327893 rhs: 0.9278000116811297 cdd: 2.2014888676997716E-6
20/05/02 22:56:48 INFO LBFGS: Step Size: 0.1000
20/05/02 22:56:48 INFO LBFGS: Val and Grad Norm: 0.927800 (rel: 4.70e-08) 0.154474
20/05/02 22:56:48 INFO LBFGS: Step Size: 1.000
20/05/02 22:56:48 INFO LBFGS: Val and Grad Norm: 0.927800 (rel: 2.11e-07) 0.0601636
20/05/02 22:56:48 INFO LBFGS: Step Size: 1.000
20/05/02 22:56:48 INFO LBFGS: Val and Grad Norm: 0.927800 (rel: 1.18e-07) 0.0443652
20/05/02 22:56:48 INFO LBFGS: Step Size: 1.000
20/05/02 22:56:48 INFO LBFGS: Val and Grad Norm: 0.927799 (rel: 2.87e-07) 0.0714077
20/05/02 22:56:48 INFO LBFGS: Step Size: 1.000
20/05/02 22:56:48 INFO LBFGS: Val and Grad Norm: 0.927799 (rel: 4.62e-07) 0.106569
20/05/02 22:56:48 INFO LBFGS: Step Size: 1.000
20/05/02 22:56:48 INFO LBFGS: Val and Grad Norm: 0.927798 (rel: 1.53e-06) 0.179452
20/05/02 22:56:48 INFO LBFGS: Step Size: 1.000
20/05/02 22:56:48 INFO LBFGS: Val and Grad Norm: 0.927795 (rel: 3.00e-06) 0.259608
20/05/02 22:56:48 INFO LBFGS: Step Size: 1.000
20/05/02 22:56:48 INFO LBFGS: Val and Grad Norm: 0.927790 (rel: 5.05e-06) 0.317778
20/05/02 22:56:48 INFO StrongWolfeLineSearch: Line search t: 0.23817640803219364 fval: 0.9277878935510552 rhs: 0.92779008256522 cdd: -5.384792162879226E-11
20/05/02 22:56:48 INFO LBFGS: Step Size: 0.2382
20/05/02 22:56:48 INFO LBFGS: Val and Grad Norm: 0.927788 (rel: 2.36e-06) 0.289999
20/05/02 22:56:48 INFO LBFGS: Step Size: 1.000
20/05/02 22:56:48 INFO LBFGS: Val and Grad Norm: 0.927782 (rel: 6.11e-06) 0.171567
20/05/02 22:56:48 INFO LBFGS: Step Size: 1.000
20/05/02 22:56:48 INFO LBFGS: Val and Grad Norm: 0.927777 (rel: 5.57e-06) 0.154426
20/05/02 22:56:48 INFO LBFGS: Step Size: 1.000
20/05/02 22:56:48 INFO LBFGS: Val and Grad Norm: 0.927776 (rel: 1.04e-06) 0.855122
20/05/02 22:56:48 INFO LBFGS: Converged because max iterations reached

Training DataSet Metrics 
Accuracy: 0.6004691164972635
FPR: 0.2566825934118941
TPR: 0.6004691164972635
F-measure: 0.5786162714795782
Precision: 0.5682471405623244
Recall: 0.6004691164972635
20/05/02 22:56:49 INFO S3NativeFileSystem: Opening 's3n://wine-quality-dataset/ValidationDataset.csv' for reading
20/05/02 22:56:50 INFO S3NativeFileSystem: Opening 's3n://wine-quality-dataset/ValidationDataset.csv' for reading

 Validation Training Set Metrics
20/05/02 22:56:50 INFO S3NativeFileSystem: Opening 's3n://wine-quality-dataset/ValidationDataset.csv' for reading
+--------------------------------------------------------+-----+----------+
|features                                                |label|prediction|
+--------------------------------------------------------+-----+----------+
|[9.4,0.56,3.51,0.9978,11.0,34.0,0.076,1.9,0.0,0.7,7.4]  |5.0  |5.0       |
|[9.8,0.68,3.2,0.9968,25.0,67.0,0.098,2.6,0.0,0.88,7.8]  |5.0  |5.0       |
|[9.8,0.65,3.26,0.997,15.0,54.0,0.092,2.3,0.04,0.76,7.8] |5.0  |5.0       |
|[9.8,0.58,3.16,0.998,17.0,60.0,0.075,1.9,0.56,0.28,11.2]|6.0  |6.0       |
|[9.4,0.56,3.51,0.9978,11.0,34.0,0.076,1.9,0.0,0.7,7.4]  |5.0  |5.0       |
+--------------------------------------------------------+-----+----------+
only showing top 5 rows


The accuracy of the model is 0.56875
Test Error = 0.43125
Accuracy: 0.56875
F1: 0.5573594222743337
Precision: 0.5474422395597769
Recall: 0.56875
20/05/02 22:56:52 INFO MultipartUploadOutputStream: close closed:false s3://wine-quality-dataset/LogisticRegression/metadata/part-00000
20/05/02 22:56:52 INFO MultipartUploadOutputStream: close closed:false s3://wine-quality-dataset/LogisticRegression/metadata/_SUCCESS
20/05/02 22:56:53 INFO MultipartUploadOutputStream: close closed:false s3://wine-quality-dataset/LogisticRegression/stages/0_logreg_b2a7ce1465d6/metadata/part-00000
20/05/02 22:56:53 INFO MultipartUploadOutputStream: close closed:false s3://wine-quality-dataset/LogisticRegression/stages/0_logreg_b2a7ce1465d6/metadata/_SUCCESS
20/05/02 22:56:54 INFO EmrOptimizedParquetOutputCommitter: EMR Optimized Committer: ENABLED
20/05/02 22:56:54 INFO EmrOptimizedParquetOutputCommitter: Using output committer class org.apache.hadoop.mapreduce.lib.output.FileSystemOptimizedCommitter
20/05/02 22:56:54 INFO EmrOptimizedParquetOutputCommitter: EMR Optimized Committer: ENABLED
20/05/02 22:56:54 INFO EmrOptimizedParquetOutputCommitter: Using output committer class org.apache.hadoop.mapreduce.lib.output.FileSystemOptimizedCommitter
20/05/02 22:56:54 INFO StagingUploadPlanner: Creating a new staged file 's3n://wine-quality-dataset/LogisticRegression/stages/0_logreg_b2a7ce1465d6/data/.emrfs_staging_0_attempt_20200502225654_0596_m_000000_596/part-00000-eb4f2351-faae-44a8-a2da-d681885269bc-c000.snappy.parquet' with destination key 'LogisticRegression/stages/0_logreg_b2a7ce1465d6/data/part-00000-eb4f2351-faae-44a8-a2da-d681885269bc-c000.snappy.parquet'
20/05/02 22:56:55 INFO MultipartUploadOutputStream: close closed:false s3://wine-quality-dataset/LogisticRegression/stages/0_logreg_b2a7ce1465d6/data/part-00000-eb4f2351-faae-44a8-a2da-d681885269bc-c000.snappy.parquet
20/05/02 22:56:55 INFO MultipartUploadOutputStream: uploadPart: partNum 1 of 's3://wine-quality-dataset/LogisticRegression/stages/0_logreg_b2a7ce1465d6/data/part-00000-eb4f2351-faae-44a8-a2da-d681885269bc-c000.snappy.parquet' from local file '/mnt/s3/emrfs-1426514658869889930/0000000000', 4933 bytes in 47 ms, md5: uHxk6KQXjTOkUwaSAeQjFg== md5hex: b87c64e8a4178d33a453069201e42316
20/05/02 22:56:55 INFO DefaultMultipartUploadDispatcher: Completed multipart upload of 1 parts 4933 bytes
20/05/02 22:56:55 INFO InMemoryStagingDirectory: Completed deferred upload of 's3n://wine-quality-dataset/LogisticRegression/stages/0_logreg_b2a7ce1465d6/data/part-00000-eb4f2351-faae-44a8-a2da-d681885269bc-c000.snappy.parquet' under staging directory at 's3n://wine-quality-dataset/LogisticRegression/stages/0_logreg_b2a7ce1465d6/data/.emrfs_staging_0_attempt_20200502225654_0596_m_000000_596'
20/05/02 22:56:55 INFO DeferredUploadStatistics: Completed 1 deferred upload(s) under staging directory at 's3n://wine-quality-dataset/LogisticRegression/stages/0_logreg_b2a7ce1465d6/data/.emrfs_staging_0_attempt_20200502225654_0596_m_000000_596' (upload completion deferral time (msec): min=221, avg=221, median=221, max=221; file size (bytes): min=4933, avg=4933, median=4933, max=4933)
20/05/02 22:56:55 INFO MultipartUploadOutputStream: close closed:false s3://wine-quality-dataset/LogisticRegression/stages/0_logreg_b2a7ce1465d6/data/_SUCCESS

TestingDataSet Metrics 

20/05/02 22:56:55 INFO S3NativeFileSystem: Opening 's3n://wine-quality-dataset/LogisticRegression/metadata/part-00000' for reading
20/05/02 22:56:55 INFO S3NativeFileSystem: Opening 's3n://wine-quality-dataset/LogisticRegression/stages/0_logreg_b2a7ce1465d6/metadata/part-00000' for reading
20/05/02 22:56:56 INFO S3NativeFileSystem: Opening 's3n://wine-quality-dataset/LogisticRegression/stages/0_logreg_b2a7ce1465d6/metadata/part-00000' for reading
20/05/02 22:56:56 INFO S3NativeFileSystem: Opening 's3n://wine-quality-dataset/LogisticRegression/stages/0_logreg_b2a7ce1465d6/data/part-00000-eb4f2351-faae-44a8-a2da-d681885269bc-c000.snappy.parquet' for reading
20/05/02 22:56:56 INFO S3NativeFileSystem: Opening 's3n://wine-quality-dataset/LogisticRegression/stages/0_logreg_b2a7ce1465d6/data/part-00000-eb4f2351-faae-44a8-a2da-d681885269bc-c000.snappy.parquet' for reading
20/05/02 22:56:56 INFO S3NativeFileSystem: Opening 's3n://wine-quality-dataset/LogisticRegression/stages/0_logreg_b2a7ce1465d6/data/part-00000-eb4f2351-faae-44a8-a2da-d681885269bc-c000.snappy.parquet' for reading
20/05/02 22:56:57 INFO S3NativeFileSystem: Opening 's3n://wine-quality-dataset/TestDataset.csv' for reading
20/05/02 22:56:57 INFO S3NativeFileSystem: Opening 's3n://wine-quality-dataset/TestDataset.csv' for reading
20/05/02 22:56:57 INFO S3NativeFileSystem: Opening 's3n://wine-quality-dataset/TestDataset.csv' for reading
+--------------------------------------------------------+-----+----------+
|features                                                |label|prediction|
+--------------------------------------------------------+-----+----------+
|[9.4,0.56,3.51,0.9978,11.0,34.0,0.076,1.9,0.0,0.7,7.4]  |5.0  |5.0       |
|[9.8,0.68,3.2,0.9968,25.0,67.0,0.098,2.6,0.0,0.88,7.8]  |5.0  |5.0       |
|[9.8,0.65,3.26,0.997,15.0,54.0,0.092,2.3,0.04,0.76,7.8] |5.0  |5.0       |
|[9.8,0.58,3.16,0.998,17.0,60.0,0.075,1.9,0.56,0.28,11.2]|6.0  |6.0       |
|[9.4,0.56,3.51,0.9978,11.0,34.0,0.076,1.9,0.0,0.7,7.4]  |5.0  |5.0       |
+--------------------------------------------------------+-----+----------+
only showing top 5 rows

Test Error = 0.38983050847457623
Accuracy: 0.6101694915254238
F1: 0.5905838041431262
Precision: 0.5747419395947496
Recall: 0.6101694915254238
